mode: set
github.com/colussim/GoLC/golc.go:108.41,110.16 2 0
github.com/colussim/GoLC/golc.go:110.16,112.3 1 0
github.com/colussim/GoLC/golc.go:113.2,114.12 2 0
github.com/colussim/GoLC/golc.go:118.21,119.20 1 0
github.com/colussim/GoLC/golc.go:119.20,121.3 1 0
github.com/colussim/GoLC/golc.go:125.42,126.20 1 0
github.com/colussim/GoLC/golc.go:126.20,128.3 1 0
github.com/colussim/GoLC/golc.go:132.50,134.16 2 0
github.com/colussim/GoLC/golc.go:134.16,135.25 1 0
github.com/colussim/GoLC/golc.go:135.25,138.4 1 0
github.com/colussim/GoLC/golc.go:138.9,142.4 2 0
github.com/colussim/GoLC/golc.go:143.8,145.3 1 0
github.com/colussim/GoLC/golc.go:149.50,154.16 3 0
github.com/colussim/GoLC/golc.go:154.16,156.3 1 0
github.com/colussim/GoLC/golc.go:158.2,158.54 1 0
github.com/colussim/GoLC/golc.go:158.54,160.3 1 0
github.com/colussim/GoLC/golc.go:162.2,162.20 1 0
github.com/colussim/GoLC/golc.go:166.51,168.16 2 0
github.com/colussim/GoLC/golc.go:168.16,170.3 1 0
github.com/colussim/GoLC/golc.go:172.2,174.16 3 0
github.com/colussim/GoLC/golc.go:174.16,176.3 1 0
github.com/colussim/GoLC/golc.go:178.2,178.30 1 0
github.com/colussim/GoLC/golc.go:182.48,186.57 3 0
github.com/colussim/GoLC/golc.go:186.57,188.3 1 0
github.com/colussim/GoLC/golc.go:190.2,191.16 2 0
github.com/colussim/GoLC/golc.go:191.16,193.3 1 0
github.com/colussim/GoLC/golc.go:194.2,199.63 4 0
github.com/colussim/GoLC/golc.go:199.63,201.3 1 0
github.com/colussim/GoLC/golc.go:203.2,204.12 2 0
github.com/colussim/GoLC/golc.go:208.65,211.2 2 0
github.com/colussim/GoLC/golc.go:214.52,215.54 1 0
github.com/colussim/GoLC/golc.go:215.54,216.54 1 0
github.com/colussim/GoLC/golc.go:216.54,218.4 1 0
github.com/colussim/GoLC/golc.go:220.2,220.12 1 0
github.com/colussim/GoLC/golc.go:224.70,225.87 1 0
github.com/colussim/GoLC/golc.go:225.87,226.17 1 0
github.com/colussim/GoLC/golc.go:226.17,228.4 1 0
github.com/colussim/GoLC/golc.go:229.3,229.24 1 0
github.com/colussim/GoLC/golc.go:229.24,231.4 1 0
github.com/colussim/GoLC/golc.go:232.3,233.17 2 0
github.com/colussim/GoLC/golc.go:233.17,235.4 1 0
github.com/colussim/GoLC/golc.go:236.3,236.70 1 0
github.com/colussim/GoLC/golc.go:236.70,238.4 1 0
github.com/colussim/GoLC/golc.go:239.3,239.13 1 0
github.com/colussim/GoLC/golc.go:243.96,245.16 2 0
github.com/colussim/GoLC/golc.go:245.16,247.3 1 0
github.com/colussim/GoLC/golc.go:248.2,248.23 1 0
github.com/colussim/GoLC/golc.go:248.23,250.17 2 0
github.com/colussim/GoLC/golc.go:250.17,252.4 1 0
github.com/colussim/GoLC/golc.go:253.3,255.17 3 0
github.com/colussim/GoLC/golc.go:255.17,257.4 1 0
github.com/colussim/GoLC/golc.go:259.2,259.12 1 0
github.com/colussim/GoLC/golc.go:263.281,275.45 8 0
github.com/colussim/GoLC/golc.go:275.45,276.89 1 0
github.com/colussim/GoLC/golc.go:276.89,281.33 4 0
github.com/colussim/GoLC/golc.go:281.33,282.38 1 0
github.com/colussim/GoLC/golc.go:282.38,284.6 1 0
github.com/colussim/GoLC/golc.go:285.5,285.31 1 0
github.com/colussim/GoLC/golc.go:288.4,288.55 1 0
github.com/colussim/GoLC/golc.go:288.55,290.5 1 0
github.com/colussim/GoLC/golc.go:291.4,291.38 1 0
github.com/colussim/GoLC/golc.go:292.9,294.53 1 0
github.com/colussim/GoLC/golc.go:294.53,296.5 1 0
github.com/colussim/GoLC/golc.go:297.4,297.58 1 0
github.com/colussim/GoLC/golc.go:299.8,301.52 1 0
github.com/colussim/GoLC/golc.go:301.52,304.4 1 0
github.com/colussim/GoLC/golc.go:307.2,307.38 1 0
github.com/colussim/GoLC/golc.go:313.161,323.2 3 0
github.com/colussim/GoLC/golc.go:326.182,336.2 3 0
github.com/colussim/GoLC/golc.go:339.163,349.2 3 0
github.com/colussim/GoLC/golc.go:352.163,362.2 3 0
github.com/colussim/GoLC/golc.go:364.163,374.2 3 0
github.com/colussim/GoLC/golc.go:377.124,379.31 2 0
github.com/colussim/GoLC/golc.go:379.31,381.3 1 0
github.com/colussim/GoLC/golc.go:381.8,383.3 1 0
github.com/colussim/GoLC/golc.go:384.2,407.16 6 0
github.com/colussim/GoLC/golc.go:407.16,410.3 2 0
github.com/colussim/GoLC/golc.go:412.2,417.17 4 0
github.com/colussim/GoLC/golc.go:417.17,419.3 1 0
github.com/colussim/GoLC/golc.go:421.2,425.14 3 0
github.com/colussim/GoLC/golc.go:429.55,430.34 1 0
github.com/colussim/GoLC/golc.go:430.34,433.3 2 0
github.com/colussim/GoLC/golc.go:439.140,441.29 2 0
github.com/colussim/GoLC/golc.go:441.29,443.3 1 0
github.com/colussim/GoLC/golc.go:444.2,444.93 1 0
github.com/colussim/GoLC/golc.go:448.144,452.29 4 0
github.com/colussim/GoLC/golc.go:452.29,454.3 1 0
github.com/colussim/GoLC/golc.go:455.2,455.221 1 0
github.com/colussim/GoLC/golc.go:455.221,457.3 1 0
github.com/colussim/GoLC/golc.go:461.140,463.29 2 0
github.com/colussim/GoLC/golc.go:463.29,465.3 1 0
github.com/colussim/GoLC/golc.go:466.2,466.95 1 0
github.com/colussim/GoLC/golc.go:470.140,472.29 2 0
github.com/colussim/GoLC/golc.go:472.29,474.3 1 0
github.com/colussim/GoLC/golc.go:475.2,475.95 1 0
github.com/colussim/GoLC/golc.go:479.138,481.29 2 0
github.com/colussim/GoLC/golc.go:481.29,483.3 1 0
github.com/colussim/GoLC/golc.go:484.2,484.95 1 0
github.com/colussim/GoLC/golc.go:489.69,496.49 4 0
github.com/colussim/GoLC/golc.go:496.49,497.23 1 0
github.com/colussim/GoLC/golc.go:497.23,529.18 10 0
github.com/colussim/GoLC/golc.go:529.18,532.5 2 0
github.com/colussim/GoLC/golc.go:534.4,537.11 4 0
github.com/colussim/GoLC/golc.go:541.2,541.11 1 0
github.com/colussim/GoLC/golc.go:546.55,548.16 2 0
github.com/colussim/GoLC/golc.go:548.16,551.3 2 0
github.com/colussim/GoLC/golc.go:553.2,553.10 1 0
github.com/colussim/GoLC/golc.go:556.141,580.16 5 0
github.com/colussim/GoLC/golc.go:580.16,583.3 2 0
github.com/colussim/GoLC/golc.go:585.2,590.16 4 0
github.com/colussim/GoLC/golc.go:590.16,593.3 2 0
github.com/colussim/GoLC/golc.go:595.2,595.12 1 0
github.com/colussim/GoLC/golc.go:599.51,602.16 2 0
github.com/colussim/GoLC/golc.go:602.16,604.3 1 0
github.com/colussim/GoLC/golc.go:605.2,611.21 4 0
github.com/colussim/GoLC/golc.go:611.21,613.3 1 0
github.com/colussim/GoLC/golc.go:615.2,615.38 1 0
github.com/colussim/GoLC/golc.go:615.38,617.3 1 0
github.com/colussim/GoLC/golc.go:619.2,619.19 1 0
github.com/colussim/GoLC/golc.go:622.25,626.45 3 0
github.com/colussim/GoLC/golc.go:626.45,632.53 4 0
github.com/colussim/GoLC/golc.go:632.53,633.37 1 0
github.com/colussim/GoLC/golc.go:633.37,635.5 1 0
github.com/colussim/GoLC/golc.go:638.3,638.98 1 0
github.com/colussim/GoLC/golc.go:642.13,661.15 13 0
github.com/colussim/GoLC/golc.go:661.15,666.3 4 0
github.com/colussim/GoLC/golc.go:668.2,668.20 1 0
github.com/colussim/GoLC/golc.go:668.20,671.3 2 0
github.com/colussim/GoLC/golc.go:673.2,673.23 1 0
github.com/colussim/GoLC/golc.go:673.23,677.3 3 0
github.com/colussim/GoLC/golc.go:679.2,680.16 2 0
github.com/colussim/GoLC/golc.go:680.16,683.3 2 0
github.com/colussim/GoLC/golc.go:685.2,686.9 2 0
github.com/colussim/GoLC/golc.go:686.9,690.3 3 0
github.com/colussim/GoLC/golc.go:692.2,697.16 3 0
github.com/colussim/GoLC/golc.go:697.16,699.3 1 0
github.com/colussim/GoLC/golc.go:700.2,703.16 3 0
github.com/colussim/GoLC/golc.go:703.16,709.41 4 0
github.com/colussim/GoLC/golc.go:709.41,715.54 4 0
github.com/colussim/GoLC/golc.go:715.54,718.19 2 0
github.com/colussim/GoLC/golc.go:718.19,721.6 2 0
github.com/colussim/GoLC/golc.go:724.4,725.18 2 0
github.com/colussim/GoLC/golc.go:725.18,728.5 2 0
github.com/colussim/GoLC/golc.go:729.4,729.70 1 0
github.com/colussim/GoLC/golc.go:729.70,730.15 1 0
github.com/colussim/GoLC/golc.go:732.4,733.68 2 0
github.com/colussim/GoLC/golc.go:733.68,734.15 1 0
github.com/colussim/GoLC/golc.go:736.9,738.4 1 0
github.com/colussim/GoLC/golc.go:740.8,740.31 1 0
github.com/colussim/GoLC/golc.go:740.31,741.69 1 0
github.com/colussim/GoLC/golc.go:741.69,742.14 1 0
github.com/colussim/GoLC/golc.go:744.3,745.67 2 0
github.com/colussim/GoLC/golc.go:745.67,746.14 1 0
github.com/colussim/GoLC/golc.go:750.2,756.16 4 0
github.com/colussim/GoLC/golc.go:756.16,759.3 2 0
github.com/colussim/GoLC/golc.go:760.2,765.16 3 0
github.com/colussim/GoLC/golc.go:765.16,768.3 2 0
github.com/colussim/GoLC/golc.go:769.2,773.61 2 0
github.com/colussim/GoLC/golc.go:775.15,782.17 5 0
github.com/colussim/GoLC/golc.go:782.17,786.4 2 0
github.com/colussim/GoLC/golc.go:788.3,788.27 1 0
github.com/colussim/GoLC/golc.go:788.27,792.4 2 0
github.com/colussim/GoLC/golc.go:792.9,796.4 1 0
github.com/colussim/GoLC/golc.go:798.16,806.16 5 0
github.com/colussim/GoLC/golc.go:806.16,811.18 4 0
github.com/colussim/GoLC/golc.go:811.18,814.5 2 0
github.com/colussim/GoLC/golc.go:815.9,819.18 3 0
github.com/colussim/GoLC/golc.go:819.18,822.5 2 0
github.com/colussim/GoLC/golc.go:824.4,824.30 1 0
github.com/colussim/GoLC/golc.go:824.30,828.5 2 0
github.com/colussim/GoLC/golc.go:828.10,832.5 1 0
github.com/colussim/GoLC/golc.go:835.16,843.17 5 0
github.com/colussim/GoLC/golc.go:843.17,846.4 2 0
github.com/colussim/GoLC/golc.go:848.3,848.27 1 0
github.com/colussim/GoLC/golc.go:848.27,852.4 2 0
github.com/colussim/GoLC/golc.go:852.9,856.4 1 0
github.com/colussim/GoLC/golc.go:858.22,865.17 5 0
github.com/colussim/GoLC/golc.go:865.17,868.4 2 0
github.com/colussim/GoLC/golc.go:870.3,870.25 1 0
github.com/colussim/GoLC/golc.go:870.25,874.4 2 0
github.com/colussim/GoLC/golc.go:874.9,878.4 1 0
github.com/colussim/GoLC/golc.go:880.19,888.17 5 0
github.com/colussim/GoLC/golc.go:888.17,891.4 2 0
github.com/colussim/GoLC/golc.go:892.3,892.26 1 0
github.com/colussim/GoLC/golc.go:892.26,896.4 2 0
github.com/colussim/GoLC/golc.go:896.9,900.4 1 0
github.com/colussim/GoLC/golc.go:902.14,907.29 3 0
github.com/colussim/GoLC/golc.go:907.29,909.18 2 0
github.com/colussim/GoLC/golc.go:909.18,912.5 2 0
github.com/colussim/GoLC/golc.go:913.9,916.4 1 0
github.com/colussim/GoLC/golc.go:918.3,918.22 1 0
github.com/colussim/GoLC/golc.go:918.22,920.18 2 0
github.com/colussim/GoLC/golc.go:920.18,923.5 2 0
github.com/colussim/GoLC/golc.go:924.4,924.31 1 0
github.com/colussim/GoLC/golc.go:924.31,926.5 1 0
github.com/colussim/GoLC/golc.go:927.9,928.54 1 0
github.com/colussim/GoLC/golc.go:928.54,931.5 2 0
github.com/colussim/GoLC/golc.go:931.10,933.5 1 0
github.com/colussim/GoLC/golc.go:935.3,936.53 2 0
github.com/colussim/GoLC/golc.go:940.2,948.16 7 0
github.com/colussim/GoLC/golc.go:948.16,951.3 2 0
github.com/colussim/GoLC/golc.go:954.2,957.29 2 0
github.com/colussim/GoLC/golc.go:957.29,959.63 1 0
github.com/colussim/GoLC/golc.go:959.63,963.18 3 0
github.com/colussim/GoLC/golc.go:963.18,965.13 2 0
github.com/colussim/GoLC/golc.go:969.4,971.18 3 0
github.com/colussim/GoLC/golc.go:971.18,973.13 2 0
github.com/colussim/GoLC/golc.go:976.4,979.49 2 0
github.com/colussim/GoLC/golc.go:979.49,983.52 3 0
github.com/colussim/GoLC/golc.go:983.52,986.6 2 0
github.com/colussim/GoLC/golc.go:986.11,990.6 3 0
github.com/colussim/GoLC/golc.go:995.2,1009.16 5 0
github.com/colussim/GoLC/golc.go:1009.16,1012.3 2 0
github.com/colussim/GoLC/golc.go:1014.2,1015.16 2 0
github.com/colussim/GoLC/golc.go:1015.16,1018.3 2 0
github.com/colussim/GoLC/golc.go:1019.2,1022.16 3 0
github.com/colussim/GoLC/golc.go:1022.16,1025.3 2 0
github.com/colussim/GoLC/golc.go:1027.2,1036.49 7 0
github.com/colussim/GoLC/golc.go:1036.49,1044.3 6 0
github.com/colussim/GoLC/golc.go:1044.8,1051.3 5 0
github.com/colussim/GoLC/golc.go:1053.2,1059.16 5 0
github.com/colussim/GoLC/golc.go:1059.16,1062.3 2 0
github.com/colussim/GoLC/golc.go:1064.2,1065.39 2 0
github.com/colussim/GoLC/pkg/devops/getbitbucket/v2/getbitbucket.go:117.90,120.2 2 0
github.com/colussim/GoLC/pkg/devops/getbitbucket/v2/getbitbucket.go:123.84,126.2 2 0
github.com/colussim/GoLC/pkg/devops/getbitbucket/v2/getbitbucket.go:128.121,148.16 14 0
github.com/colussim/GoLC/pkg/devops/getbitbucket/v2/getbitbucket.go:148.16,152.3 3 0
github.com/colussim/GoLC/pkg/devops/getbitbucket/v2/getbitbucket.go:154.2,160.42 5 0
github.com/colussim/GoLC/pkg/devops/getbitbucket/v2/getbitbucket.go:160.42,163.17 2 0
github.com/colussim/GoLC/pkg/devops/getbitbucket/v2/getbitbucket.go:163.17,167.4 3 0
github.com/colussim/GoLC/pkg/devops/getbitbucket/v2/getbitbucket.go:168.8,168.30 1 0
github.com/colussim/GoLC/pkg/devops/getbitbucket/v2/getbitbucket.go:168.30,171.17 2 0
github.com/colussim/GoLC/pkg/devops/getbitbucket/v2/getbitbucket.go:171.17,174.4 2 0
github.com/colussim/GoLC/pkg/devops/getbitbucket/v2/getbitbucket.go:176.2,180.16 4 0
github.com/colussim/GoLC/pkg/devops/getbitbucket/v2/getbitbucket.go:180.16,183.3 2 0
github.com/colussim/GoLC/pkg/devops/getbitbucket/v2/getbitbucket.go:185.2,191.43 3 0
github.com/colussim/GoLC/pkg/devops/getbitbucket/v2/getbitbucket.go:191.43,194.3 2 0
github.com/colussim/GoLC/pkg/devops/getbitbucket/v2/getbitbucket.go:196.2,208.31 3 0
github.com/colussim/GoLC/pkg/devops/getbitbucket/v2/getbitbucket.go:211.96,216.43 3 0
github.com/colussim/GoLC/pkg/devops/getbitbucket/v2/getbitbucket.go:216.43,217.43 1 0
github.com/colussim/GoLC/pkg/devops/getbitbucket/v2/getbitbucket.go:217.43,222.4 3 0
github.com/colussim/GoLC/pkg/devops/getbitbucket/v2/getbitbucket.go:223.3,223.35 1 0
github.com/colussim/GoLC/pkg/devops/getbitbucket/v2/getbitbucket.go:225.2,225.38 1 0
github.com/colussim/GoLC/pkg/devops/getbitbucket/v2/getbitbucket.go:228.51,232.2 3 0
github.com/colussim/GoLC/pkg/devops/getbitbucket/v2/getbitbucket.go:234.87,235.26 1 0
github.com/colussim/GoLC/pkg/devops/getbitbucket/v2/getbitbucket.go:235.26,240.3 1 0
github.com/colussim/GoLC/pkg/devops/getbitbucket/v2/getbitbucket.go:241.2,241.47 1 0
github.com/colussim/GoLC/pkg/devops/getbitbucket/v2/getbitbucket.go:244.85,249.16 3 0
github.com/colussim/GoLC/pkg/devops/getbitbucket/v2/getbitbucket.go:249.16,251.3 1 0
github.com/colussim/GoLC/pkg/devops/getbitbucket/v2/getbitbucket.go:252.2,256.16 4 0
github.com/colussim/GoLC/pkg/devops/getbitbucket/v2/getbitbucket.go:256.16,258.3 1 0
github.com/colussim/GoLC/pkg/devops/getbitbucket/v2/getbitbucket.go:259.2,262.16 3 0
github.com/colussim/GoLC/pkg/devops/getbitbucket/v2/getbitbucket.go:262.16,264.3 1 0
github.com/colussim/GoLC/pkg/devops/getbitbucket/v2/getbitbucket.go:266.2,266.97 1 0
github.com/colussim/GoLC/pkg/devops/getbitbucket/v2/getbitbucket.go:266.97,269.3 1 0
github.com/colussim/GoLC/pkg/devops/getbitbucket/v2/getbitbucket.go:271.2,273.16 3 0
github.com/colussim/GoLC/pkg/devops/getbitbucket/v2/getbitbucket.go:273.16,275.3 1 0
github.com/colussim/GoLC/pkg/devops/getbitbucket/v2/getbitbucket.go:277.2,277.29 1 0
github.com/colussim/GoLC/pkg/devops/getbitbucket/v2/getbitbucket.go:281.234,301.2 1 0
github.com/colussim/GoLC/pkg/devops/getbitbucket/v2/getbitbucket.go:303.126,309.16 4 0
github.com/colussim/GoLC/pkg/devops/getbitbucket/v2/getbitbucket.go:309.16,311.3 1 0
github.com/colussim/GoLC/pkg/devops/getbitbucket/v2/getbitbucket.go:313.2,313.44 1 0
github.com/colussim/GoLC/pkg/devops/getbitbucket/v2/getbitbucket.go:313.44,314.52 1 0
github.com/colussim/GoLC/pkg/devops/getbitbucket/v2/getbitbucket.go:314.52,316.12 2 0
github.com/colussim/GoLC/pkg/devops/getbitbucket/v2/getbitbucket.go:319.3,325.5 1 0
github.com/colussim/GoLC/pkg/devops/getbitbucket/v2/getbitbucket.go:328.2,328.37 1 0
github.com/colussim/GoLC/pkg/devops/getbitbucket/v2/getbitbucket.go:331.145,340.16 4 0
github.com/colussim/GoLC/pkg/devops/getbitbucket/v2/getbitbucket.go:340.16,344.3 3 0
github.com/colussim/GoLC/pkg/devops/getbitbucket/v2/getbitbucket.go:346.2,346.55 1 0
github.com/colussim/GoLC/pkg/devops/getbitbucket/v2/getbitbucket.go:346.55,352.3 4 0
github.com/colussim/GoLC/pkg/devops/getbitbucket/v2/getbitbucket.go:352.8,361.3 1 0
github.com/colussim/GoLC/pkg/devops/getbitbucket/v2/getbitbucket.go:363.2,363.37 1 0
github.com/colussim/GoLC/pkg/devops/getbitbucket/v2/getbitbucket.go:366.102,385.31 14 0
github.com/colussim/GoLC/pkg/devops/getbitbucket/v2/getbitbucket.go:385.31,387.3 1 0
github.com/colussim/GoLC/pkg/devops/getbitbucket/v2/getbitbucket.go:387.8,389.3 1 0
github.com/colussim/GoLC/pkg/devops/getbitbucket/v2/getbitbucket.go:390.2,394.42 3 0
github.com/colussim/GoLC/pkg/devops/getbitbucket/v2/getbitbucket.go:394.42,399.17 3 0
github.com/colussim/GoLC/pkg/devops/getbitbucket/v2/getbitbucket.go:399.17,400.36 1 0
github.com/colussim/GoLC/pkg/devops/getbitbucket/v2/getbitbucket.go:400.36,403.13 3 0
github.com/colussim/GoLC/pkg/devops/getbitbucket/v2/getbitbucket.go:404.10,408.5 3 0
github.com/colussim/GoLC/pkg/devops/getbitbucket/v2/getbitbucket.go:410.3,414.31 4 0
github.com/colussim/GoLC/pkg/devops/getbitbucket/v2/getbitbucket.go:414.31,417.4 2 0
github.com/colussim/GoLC/pkg/devops/getbitbucket/v2/getbitbucket.go:417.9,420.4 2 0
github.com/colussim/GoLC/pkg/devops/getbitbucket/v2/getbitbucket.go:422.3,422.30 1 0
github.com/colussim/GoLC/pkg/devops/getbitbucket/v2/getbitbucket.go:422.30,425.18 2 0
github.com/colussim/GoLC/pkg/devops/getbitbucket/v2/getbitbucket.go:425.18,428.5 1 0
github.com/colussim/GoLC/pkg/devops/getbitbucket/v2/getbitbucket.go:430.4,439.9 3 0
github.com/colussim/GoLC/pkg/devops/getbitbucket/v2/getbitbucket.go:442.3,442.22 1 0
github.com/colussim/GoLC/pkg/devops/getbitbucket/v2/getbitbucket.go:446.2,446.93 1 0
github.com/colussim/GoLC/pkg/devops/getbitbucket/v2/getbitbucket.go:449.118,454.6 4 0
github.com/colussim/GoLC/pkg/devops/getbitbucket/v2/getbitbucket.go:454.6,460.17 2 0
github.com/colussim/GoLC/pkg/devops/getbitbucket/v2/getbitbucket.go:460.17,462.4 1 0
github.com/colussim/GoLC/pkg/devops/getbitbucket/v2/getbitbucket.go:464.3,465.17 2 0
github.com/colussim/GoLC/pkg/devops/getbitbucket/v2/getbitbucket.go:465.17,467.4 1 0
github.com/colussim/GoLC/pkg/devops/getbitbucket/v2/getbitbucket.go:468.3,472.50 4 0
github.com/colussim/GoLC/pkg/devops/getbitbucket/v2/getbitbucket.go:472.50,473.9 1 0
github.com/colussim/GoLC/pkg/devops/getbitbucket/v2/getbitbucket.go:476.3,476.9 1 0
github.com/colussim/GoLC/pkg/devops/getbitbucket/v2/getbitbucket.go:479.2,479.59 1 0
github.com/colussim/GoLC/pkg/devops/getbitbucket/v2/getbitbucket.go:482.145,486.33 3 0
github.com/colussim/GoLC/pkg/devops/getbitbucket/v2/getbitbucket.go:486.33,488.39 1 0
github.com/colussim/GoLC/pkg/devops/getbitbucket/v2/getbitbucket.go:488.39,490.66 2 0
github.com/colussim/GoLC/pkg/devops/getbitbucket/v2/getbitbucket.go:490.66,492.13 2 0
github.com/colussim/GoLC/pkg/devops/getbitbucket/v2/getbitbucket.go:495.4,496.18 2 0
github.com/colussim/GoLC/pkg/devops/getbitbucket/v2/getbitbucket.go:496.18,498.5 1 0
github.com/colussim/GoLC/pkg/devops/getbitbucket/v2/getbitbucket.go:499.4,499.15 1 0
github.com/colussim/GoLC/pkg/devops/getbitbucket/v2/getbitbucket.go:499.15,501.13 2 0
github.com/colussim/GoLC/pkg/devops/getbitbucket/v2/getbitbucket.go:503.4,503.42 1 0
github.com/colussim/GoLC/pkg/devops/getbitbucket/v2/getbitbucket.go:505.8,508.39 2 0
github.com/colussim/GoLC/pkg/devops/getbitbucket/v2/getbitbucket.go:508.39,510.38 1 0
github.com/colussim/GoLC/pkg/devops/getbitbucket/v2/getbitbucket.go:510.38,514.67 3 0
github.com/colussim/GoLC/pkg/devops/getbitbucket/v2/getbitbucket.go:514.67,519.6 4 0
github.com/colussim/GoLC/pkg/devops/getbitbucket/v2/getbitbucket.go:521.5,522.19 2 0
github.com/colussim/GoLC/pkg/devops/getbitbucket/v2/getbitbucket.go:522.19,524.6 1 0
github.com/colussim/GoLC/pkg/devops/getbitbucket/v2/getbitbucket.go:525.5,525.16 1 0
github.com/colussim/GoLC/pkg/devops/getbitbucket/v2/getbitbucket.go:525.16,530.6 4 0
github.com/colussim/GoLC/pkg/devops/getbitbucket/v2/getbitbucket.go:532.5,533.10 2 0
github.com/colussim/GoLC/pkg/devops/getbitbucket/v2/getbitbucket.go:537.3,537.17 1 0
github.com/colussim/GoLC/pkg/devops/getbitbucket/v2/getbitbucket.go:537.17,539.4 1 0
github.com/colussim/GoLC/pkg/devops/getbitbucket/v2/getbitbucket.go:541.2,541.59 1 0
github.com/colussim/GoLC/pkg/devops/getbitbucket/v2/getbitbucket.go:545.109,550.16 3 0
github.com/colussim/GoLC/pkg/devops/getbitbucket/v2/getbitbucket.go:550.16,552.3 1 0
github.com/colussim/GoLC/pkg/devops/getbitbucket/v2/getbitbucket.go:554.2,554.22 1 0
github.com/colussim/GoLC/pkg/devops/getbitbucket/v2/getbitbucket.go:554.22,557.17 3 0
github.com/colussim/GoLC/pkg/devops/getbitbucket/v2/getbitbucket.go:557.17,559.4 1 0
github.com/colussim/GoLC/pkg/devops/getbitbucket/v2/getbitbucket.go:562.2,562.32 1 0
github.com/colussim/GoLC/pkg/devops/getbitbucket/v2/getbitbucket.go:562.32,564.3 1 0
github.com/colussim/GoLC/pkg/devops/getbitbucket/v2/getbitbucket.go:566.2,566.19 1 0
github.com/colussim/GoLC/pkg/devops/getbitbucket/v2/getbitbucket.go:569.69,571.16 2 0
github.com/colussim/GoLC/pkg/devops/getbitbucket/v2/getbitbucket.go:571.16,573.3 1 0
github.com/colussim/GoLC/pkg/devops/getbitbucket/v2/getbitbucket.go:574.2,578.16 4 0
github.com/colussim/GoLC/pkg/devops/getbitbucket/v2/getbitbucket.go:578.16,580.3 1 0
github.com/colussim/GoLC/pkg/devops/getbitbucket/v2/getbitbucket.go:581.2,584.16 3 0
github.com/colussim/GoLC/pkg/devops/getbitbucket/v2/getbitbucket.go:584.16,586.3 1 0
github.com/colussim/GoLC/pkg/devops/getbitbucket/v2/getbitbucket.go:588.2,588.99 1 0
github.com/colussim/GoLC/pkg/devops/getbitbucket/v2/getbitbucket.go:588.99,591.3 1 0
github.com/colussim/GoLC/pkg/devops/getbitbucket/v2/getbitbucket.go:593.2,595.16 3 0
github.com/colussim/GoLC/pkg/devops/getbitbucket/v2/getbitbucket.go:595.16,597.3 1 0
github.com/colussim/GoLC/pkg/devops/getbitbucket/v2/getbitbucket.go:599.2,599.24 1 0
github.com/colussim/GoLC/pkg/devops/getbitbucket/v2/getbitbucket.go:602.169,612.52 7 0
github.com/colussim/GoLC/pkg/devops/getbitbucket/v2/getbitbucket.go:612.52,614.21 2 0
github.com/colussim/GoLC/pkg/devops/getbitbucket/v2/getbitbucket.go:614.21,616.4 1 0
github.com/colussim/GoLC/pkg/devops/getbitbucket/v2/getbitbucket.go:616.9,616.42 1 0
github.com/colussim/GoLC/pkg/devops/getbitbucket/v2/getbitbucket.go:616.42,618.4 1 0
github.com/colussim/GoLC/pkg/devops/getbitbucket/v2/getbitbucket.go:619.3,620.17 2 0
github.com/colussim/GoLC/pkg/devops/getbitbucket/v2/getbitbucket.go:620.17,623.4 2 0
github.com/colussim/GoLC/pkg/devops/getbitbucket/v2/getbitbucket.go:624.3,624.17 1 0
github.com/colussim/GoLC/pkg/devops/getbitbucket/v2/getbitbucket.go:626.8,628.17 2 0
github.com/colussim/GoLC/pkg/devops/getbitbucket/v2/getbitbucket.go:628.17,631.4 2 0
github.com/colussim/GoLC/pkg/devops/getbitbucket/v2/getbitbucket.go:634.3,635.17 2 0
github.com/colussim/GoLC/pkg/devops/getbitbucket/v2/getbitbucket.go:635.17,638.4 2 0
github.com/colussim/GoLC/pkg/devops/getbitbucket/v2/getbitbucket.go:639.3,639.33 1 0
github.com/colussim/GoLC/pkg/devops/getbitbucket/v2/getbitbucket.go:643.2,648.53 3 0
github.com/colussim/GoLC/pkg/devops/getbitbucket/v2/getbitbucket.go:651.168,660.16 3 0
github.com/colussim/GoLC/pkg/devops/getbitbucket/v2/getbitbucket.go:660.16,663.3 2 0
github.com/colussim/GoLC/pkg/devops/getbitbucket/v2/getbitbucket.go:664.2,664.47 1 0
github.com/colussim/GoLC/pkg/devops/getbitbucket/v2/getbitbucket.go:664.47,667.3 2 0
github.com/colussim/GoLC/pkg/devops/getbitbucket/v2/getbitbucket.go:669.2,669.44 1 0
github.com/colussim/GoLC/pkg/devops/getbitbucket/v2/getbitbucket.go:673.114,682.6 4 0
github.com/colussim/GoLC/pkg/devops/getbitbucket/v2/getbitbucket.go:682.6,688.17 3 0
github.com/colussim/GoLC/pkg/devops/getbitbucket/v2/getbitbucket.go:688.17,690.4 1 0
github.com/colussim/GoLC/pkg/devops/getbitbucket/v2/getbitbucket.go:693.3,693.39 1 0
github.com/colussim/GoLC/pkg/devops/getbitbucket/v2/getbitbucket.go:693.39,696.4 2 0
github.com/colussim/GoLC/pkg/devops/getbitbucket/v2/getbitbucket.go:699.3,699.50 1 0
github.com/colussim/GoLC/pkg/devops/getbitbucket/v2/getbitbucket.go:699.50,700.9 1 0
github.com/colussim/GoLC/pkg/devops/getbitbucket/v2/getbitbucket.go:703.3,703.9 1 0
github.com/colussim/GoLC/pkg/devops/getbitbucket/v2/getbitbucket.go:706.2,706.25 1 0
github.com/colussim/GoLC/pkg/devops/getbitbucket/v2/getbitbucket.go:708.141,712.34 3 0
github.com/colussim/GoLC/pkg/devops/getbitbucket/v2/getbitbucket.go:712.34,714.17 2 0
github.com/colussim/GoLC/pkg/devops/getbitbucket/v2/getbitbucket.go:714.17,716.12 2 0
github.com/colussim/GoLC/pkg/devops/getbitbucket/v2/getbitbucket.go:718.3,718.24 1 0
github.com/colussim/GoLC/pkg/devops/getbitbucket/v2/getbitbucket.go:718.24,720.4 1 0
github.com/colussim/GoLC/pkg/devops/getbitbucket/v2/getbitbucket.go:720.9,722.4 1 0
github.com/colussim/GoLC/pkg/devops/getbitbucket/v2/getbitbucket.go:724.3,724.30 1 0
github.com/colussim/GoLC/pkg/devops/getbitbucket/v2/getbitbucket.go:724.30,727.4 2 0
github.com/colussim/GoLC/pkg/devops/getbitbucket/v2/getbitbucket.go:731.2,731.29 1 0
github.com/colussim/GoLC/pkg/devops/getbitbucket/v2/getbitbucket.go:731.29,733.3 1 0
github.com/colussim/GoLC/pkg/devops/getbitbucket/v2/getbitbucket.go:735.2,735.38 1 0
github.com/colussim/GoLC/pkg/devops/getbitbucket/v2/getbitbucket.go:738.131,747.16 4 0
github.com/colussim/GoLC/pkg/devops/getbitbucket/v2/getbitbucket.go:747.16,749.3 1 0
github.com/colussim/GoLC/pkg/devops/getbitbucket/v2/getbitbucket.go:751.2,752.84 2 0
github.com/colussim/GoLC/pkg/devops/getbitbucket/v2/getbitbucket.go:752.84,755.17 3 0
github.com/colussim/GoLC/pkg/devops/getbitbucket/v2/getbitbucket.go:755.17,757.12 2 0
github.com/colussim/GoLC/pkg/devops/getbitbucket/v2/getbitbucket.go:760.3,760.34 1 0
github.com/colussim/GoLC/pkg/devops/getbitbucket/v2/getbitbucket.go:760.34,762.4 1 0
github.com/colussim/GoLC/pkg/devops/getbitbucket/v2/getbitbucket.go:765.2,765.27 1 0
github.com/colussim/GoLC/pkg/devops/getbitbucket/v2/getbitbucket.go:768.46,771.16 2 0
github.com/colussim/GoLC/pkg/devops/getbitbucket/v2/getbitbucket.go:771.16,774.3 2 0
github.com/colussim/GoLC/pkg/devops/getbitbucket/v2/getbitbucket.go:775.2,781.47 3 0
github.com/colussim/GoLC/pkg/devops/getbitbucket/v2/getbitbucket.go:781.47,784.3 2 0
github.com/colussim/GoLC/pkg/devops/getbitbucket/v2/getbitbucket.go:786.2,787.12 2 0
github.com/colussim/GoLC/pkg/devops/getazure/getazure.go:91.87,92.26 1 0
github.com/colussim/GoLC/pkg/devops/getazure/getazure.go:92.26,97.3 1 0
github.com/colussim/GoLC/pkg/devops/getazure/getazure.go:98.2,98.47 1 0
github.com/colussim/GoLC/pkg/devops/getazure/getazure.go:101.90,104.2 2 0
github.com/colussim/GoLC/pkg/devops/getazure/getazure.go:107.84,110.2 2 0
github.com/colussim/GoLC/pkg/devops/getazure/getazure.go:112.108,120.16 3 0
github.com/colussim/GoLC/pkg/devops/getazure/getazure.go:120.16,122.3 1 0
github.com/colussim/GoLC/pkg/devops/getazure/getazure.go:124.2,124.30 1 0
github.com/colussim/GoLC/pkg/devops/getazure/getazure.go:127.144,132.6 4 0
github.com/colussim/GoLC/pkg/devops/getazure/getazure.go:132.6,137.17 2 0
github.com/colussim/GoLC/pkg/devops/getazure/getazure.go:137.17,139.4 1 0
github.com/colussim/GoLC/pkg/devops/getazure/getazure.go:141.3,141.47 1 0
github.com/colussim/GoLC/pkg/devops/getazure/getazure.go:141.47,142.55 1 0
github.com/colussim/GoLC/pkg/devops/getazure/getazure.go:142.55,144.13 2 0
github.com/colussim/GoLC/pkg/devops/getazure/getazure.go:147.4,147.46 1 0
github.com/colussim/GoLC/pkg/devops/getazure/getazure.go:152.3,152.44 1 0
github.com/colussim/GoLC/pkg/devops/getazure/getazure.go:152.44,153.9 1 0
github.com/colussim/GoLC/pkg/devops/getazure/getazure.go:157.3,157.54 1 0
github.com/colussim/GoLC/pkg/devops/getazure/getazure.go:160.2,160.40 1 0
github.com/colussim/GoLC/pkg/devops/getazure/getazure.go:163.166,167.51 2 0
github.com/colussim/GoLC/pkg/devops/getazure/getazure.go:167.51,172.3 4 0
github.com/colussim/GoLC/pkg/devops/getazure/getazure.go:174.2,177.16 2 0
github.com/colussim/GoLC/pkg/devops/getazure/getazure.go:177.16,179.3 1 0
github.com/colussim/GoLC/pkg/devops/getazure/getazure.go:182.2,191.74 2 0
github.com/colussim/GoLC/pkg/devops/getazure/getazure.go:194.109,213.16 14 0
github.com/colussim/GoLC/pkg/devops/getazure/getazure.go:213.16,217.3 3 0
github.com/colussim/GoLC/pkg/devops/getazure/getazure.go:220.2,225.16 4 0
github.com/colussim/GoLC/pkg/devops/getazure/getazure.go:225.16,227.3 1 0
github.com/colussim/GoLC/pkg/devops/getazure/getazure.go:229.2,230.16 2 0
github.com/colussim/GoLC/pkg/devops/getazure/getazure.go:230.16,232.3 1 0
github.com/colussim/GoLC/pkg/devops/getazure/getazure.go:234.2,240.46 2 0
github.com/colussim/GoLC/pkg/devops/getazure/getazure.go:240.46,245.17 2 0
github.com/colussim/GoLC/pkg/devops/getazure/getazure.go:245.17,248.4 2 0
github.com/colussim/GoLC/pkg/devops/getazure/getazure.go:249.3,259.17 7 0
github.com/colussim/GoLC/pkg/devops/getazure/getazure.go:259.17,262.4 2 0
github.com/colussim/GoLC/pkg/devops/getazure/getazure.go:264.8,266.17 2 0
github.com/colussim/GoLC/pkg/devops/getazure/getazure.go:266.17,269.4 2 0
github.com/colussim/GoLC/pkg/devops/getazure/getazure.go:271.3,281.17 7 0
github.com/colussim/GoLC/pkg/devops/getazure/getazure.go:281.17,284.4 2 0
github.com/colussim/GoLC/pkg/devops/getazure/getazure.go:287.2,287.75 1 0
github.com/colussim/GoLC/pkg/devops/getazure/getazure.go:287.75,289.45 1 0
github.com/colussim/GoLC/pkg/devops/getazure/getazure.go:289.45,291.4 1 0
github.com/colussim/GoLC/pkg/devops/getazure/getazure.go:291.9,293.4 1 0
github.com/colussim/GoLC/pkg/devops/getazure/getazure.go:294.3,294.45 1 0
github.com/colussim/GoLC/pkg/devops/getazure/getazure.go:295.8,297.3 1 0
github.com/colussim/GoLC/pkg/devops/getazure/getazure.go:299.2,303.43 2 0
github.com/colussim/GoLC/pkg/devops/getazure/getazure.go:303.43,306.3 2 0
github.com/colussim/GoLC/pkg/devops/getazure/getazure.go:308.2,320.31 3 0
github.com/colussim/GoLC/pkg/devops/getazure/getazure.go:323.238,342.2 1 0
github.com/colussim/GoLC/pkg/devops/getazure/getazure.go:344.98,349.43 3 0
github.com/colussim/GoLC/pkg/devops/getazure/getazure.go:349.43,350.50 1 0
github.com/colussim/GoLC/pkg/devops/getazure/getazure.go:350.50,355.4 3 0
github.com/colussim/GoLC/pkg/devops/getazure/getazure.go:356.3,356.35 1 0
github.com/colussim/GoLC/pkg/devops/getazure/getazure.go:358.2,358.38 1 0
github.com/colussim/GoLC/pkg/devops/getazure/getazure.go:361.51,365.2 3 0
github.com/colussim/GoLC/pkg/devops/getazure/getazure.go:367.120,386.31 14 0
github.com/colussim/GoLC/pkg/devops/getazure/getazure.go:386.31,388.3 1 0
github.com/colussim/GoLC/pkg/devops/getazure/getazure.go:388.8,390.3 1 0
github.com/colussim/GoLC/pkg/devops/getazure/getazure.go:391.2,395.42 3 0
github.com/colussim/GoLC/pkg/devops/getazure/getazure.go:395.42,401.17 3 0
github.com/colussim/GoLC/pkg/devops/getazure/getazure.go:401.17,402.36 1 0
github.com/colussim/GoLC/pkg/devops/getazure/getazure.go:402.36,405.13 3 0
github.com/colussim/GoLC/pkg/devops/getazure/getazure.go:406.10,410.5 3 0
github.com/colussim/GoLC/pkg/devops/getazure/getazure.go:413.3,416.31 3 0
github.com/colussim/GoLC/pkg/devops/getazure/getazure.go:416.31,419.4 2 0
github.com/colussim/GoLC/pkg/devops/getazure/getazure.go:419.9,422.4 2 0
github.com/colussim/GoLC/pkg/devops/getazure/getazure.go:424.3,424.30 1 0
github.com/colussim/GoLC/pkg/devops/getazure/getazure.go:424.30,428.18 2 0
github.com/colussim/GoLC/pkg/devops/getazure/getazure.go:428.18,429.34 1 0
github.com/colussim/GoLC/pkg/devops/getazure/getazure.go:429.34,431.14 1 0
github.com/colussim/GoLC/pkg/devops/getazure/getazure.go:433.5,433.44 1 0
github.com/colussim/GoLC/pkg/devops/getazure/getazure.go:434.10,436.98 1 0
github.com/colussim/GoLC/pkg/devops/getazure/getazure.go:436.98,438.14 1 0
github.com/colussim/GoLC/pkg/devops/getazure/getazure.go:442.4,451.9 3 0
github.com/colussim/GoLC/pkg/devops/getazure/getazure.go:454.3,454.22 1 0
github.com/colussim/GoLC/pkg/devops/getazure/getazure.go:458.2,458.93 1 0
github.com/colussim/GoLC/pkg/devops/getazure/getazure.go:462.137,468.29 4 0
github.com/colussim/GoLC/pkg/devops/getazure/getazure.go:468.29,470.3 1 0
github.com/colussim/GoLC/pkg/devops/getazure/getazure.go:473.2,476.16 2 0
github.com/colussim/GoLC/pkg/devops/getazure/getazure.go:476.16,479.3 2 0
github.com/colussim/GoLC/pkg/devops/getazure/getazure.go:481.2,481.30 1 0
github.com/colussim/GoLC/pkg/devops/getazure/getazure.go:481.30,485.73 2 0
github.com/colussim/GoLC/pkg/devops/getazure/getazure.go:485.73,486.12 1 0
github.com/colussim/GoLC/pkg/devops/getazure/getazure.go:490.3,490.64 1 0
github.com/colussim/GoLC/pkg/devops/getazure/getazure.go:490.64,492.12 2 0
github.com/colussim/GoLC/pkg/devops/getazure/getazure.go:494.3,497.17 3 0
github.com/colussim/GoLC/pkg/devops/getazure/getazure.go:497.17,499.4 1 0
github.com/colussim/GoLC/pkg/devops/getazure/getazure.go:500.3,500.14 1 0
github.com/colussim/GoLC/pkg/devops/getazure/getazure.go:500.14,502.12 2 0
github.com/colussim/GoLC/pkg/devops/getazure/getazure.go:505.3,505.36 1 0
github.com/colussim/GoLC/pkg/devops/getazure/getazure.go:508.2,508.64 1 0
github.com/colussim/GoLC/pkg/devops/getazure/getazure.go:512.49,513.26 1 0
github.com/colussim/GoLC/pkg/devops/getazure/getazure.go:513.26,514.16 1 0
github.com/colussim/GoLC/pkg/devops/getazure/getazure.go:514.16,516.4 1 0
github.com/colussim/GoLC/pkg/devops/getazure/getazure.go:518.2,518.14 1 0
github.com/colussim/GoLC/pkg/devops/getazure/getazure.go:521.167,529.16 6 0
github.com/colussim/GoLC/pkg/devops/getazure/getazure.go:529.16,532.3 2 0
github.com/colussim/GoLC/pkg/devops/getazure/getazure.go:534.2,539.50 3 0
github.com/colussim/GoLC/pkg/devops/getazure/getazure.go:542.182,555.16 6 0
github.com/colussim/GoLC/pkg/devops/getazure/getazure.go:555.16,557.3 1 0
github.com/colussim/GoLC/pkg/devops/getazure/getazure.go:558.2,561.14 2 0
github.com/colussim/GoLC/pkg/devops/getazure/getazure.go:561.14,563.3 1 0
github.com/colussim/GoLC/pkg/devops/getazure/getazure.go:563.8,563.31 1 0
github.com/colussim/GoLC/pkg/devops/getazure/getazure.go:563.31,565.3 1 0
github.com/colussim/GoLC/pkg/devops/getazure/getazure.go:565.8,567.3 1 0
github.com/colussim/GoLC/pkg/devops/getazure/getazure.go:569.172,579.16 5 0
github.com/colussim/GoLC/pkg/devops/getazure/getazure.go:579.16,581.3 1 0
github.com/colussim/GoLC/pkg/devops/getazure/getazure.go:583.2,583.35 1 0
github.com/colussim/GoLC/pkg/devops/getazure/getazure.go:583.35,585.17 2 0
github.com/colussim/GoLC/pkg/devops/getazure/getazure.go:585.17,587.4 1 0
github.com/colussim/GoLC/pkg/devops/getazure/getazure.go:589.3,589.31 1 0
github.com/colussim/GoLC/pkg/devops/getazure/getazure.go:589.31,593.4 3 0
github.com/colussim/GoLC/pkg/devops/getazure/getazure.go:596.2,596.21 1 0
github.com/colussim/GoLC/pkg/devops/getazure/getazure.go:596.21,598.3 1 0
github.com/colussim/GoLC/pkg/devops/getazure/getazure.go:600.2,600.66 1 0
github.com/colussim/GoLC/pkg/devops/getazure/getazure.go:603.198,607.25 2 0
github.com/colussim/GoLC/pkg/devops/getazure/getazure.go:607.25,609.3 1 0
github.com/colussim/GoLC/pkg/devops/getazure/getazure.go:609.8,615.17 2 0
github.com/colussim/GoLC/pkg/devops/getazure/getazure.go:615.17,617.4 1 0
github.com/colussim/GoLC/pkg/devops/getazure/getazure.go:618.3,619.36 2 0
github.com/colussim/GoLC/pkg/devops/getazure/getazure.go:619.36,620.61 1 0
github.com/colussim/GoLC/pkg/devops/getazure/getazure.go:620.61,622.10 2 0
github.com/colussim/GoLC/pkg/devops/getazure/getazure.go:625.3,625.20 1 0
github.com/colussim/GoLC/pkg/devops/getazure/getazure.go:625.20,627.4 1 0
github.com/colussim/GoLC/pkg/devops/getazure/getazure.go:628.3,628.28 1 0
github.com/colussim/GoLC/pkg/devops/getazure/getazure.go:631.2,632.16 2 0
github.com/colussim/GoLC/pkg/devops/getazure/getazure.go:632.16,634.3 1 0
github.com/colussim/GoLC/pkg/devops/getazure/getazure.go:636.2,636.22 1 0
github.com/colussim/GoLC/pkg/devops/getazure/getazure.go:636.22,641.17 2 0
github.com/colussim/GoLC/pkg/devops/getazure/getazure.go:641.17,643.4 1 0
github.com/colussim/GoLC/pkg/devops/getazure/getazure.go:644.3,644.33 1 0
github.com/colussim/GoLC/pkg/devops/getazure/getazure.go:647.2,647.39 1 0
github.com/colussim/GoLC/pkg/devops/getazure/getazure.go:650.155,652.16 2 0
github.com/colussim/GoLC/pkg/devops/getazure/getazure.go:652.16,654.3 1 0
github.com/colussim/GoLC/pkg/devops/getazure/getazure.go:656.2,657.37 2 0
github.com/colussim/GoLC/pkg/devops/getazure/getazure.go:660.146,665.6 4 0
github.com/colussim/GoLC/pkg/devops/getazure/getazure.go:665.6,682.17 3 0
github.com/colussim/GoLC/pkg/devops/getazure/getazure.go:682.17,684.4 1 0
github.com/colussim/GoLC/pkg/devops/getazure/getazure.go:686.3,688.28 2 0
github.com/colussim/GoLC/pkg/devops/getazure/getazure.go:688.28,689.9 1 0
github.com/colussim/GoLC/pkg/devops/getazure/getazure.go:692.3,692.16 1 0
github.com/colussim/GoLC/pkg/devops/getazure/getazure.go:695.2,695.26 1 0
github.com/colussim/GoLC/pkg/devops/getazure/getazure.go:697.46,700.16 2 0
github.com/colussim/GoLC/pkg/devops/getazure/getazure.go:700.16,703.3 2 0
github.com/colussim/GoLC/pkg/devops/getazure/getazure.go:704.2,710.47 3 0
github.com/colussim/GoLC/pkg/devops/getazure/getazure.go:710.47,713.3 2 0
github.com/colussim/GoLC/pkg/devops/getazure/getazure.go:715.2,716.12 2 0
github.com/colussim/GoLC/pkg/analyzer/analyzer.go:29.13,37.2 1 0
github.com/colussim/GoLC/pkg/analyzer/analyzer.go:39.60,42.84 2 0
github.com/colussim/GoLC/pkg/analyzer/analyzer.go:42.84,43.17 1 0
github.com/colussim/GoLC/pkg/analyzer/analyzer.go:43.17,45.4 1 0
github.com/colussim/GoLC/pkg/analyzer/analyzer.go:47.3,47.19 1 0
github.com/colussim/GoLC/pkg/analyzer/analyzer.go:47.19,49.4 1 0
github.com/colussim/GoLC/pkg/analyzer/analyzer.go:51.3,52.36 2 0
github.com/colussim/GoLC/pkg/analyzer/analyzer.go:52.36,59.4 2 0
github.com/colussim/GoLC/pkg/analyzer/analyzer.go:61.3,61.13 1 0
github.com/colussim/GoLC/pkg/analyzer/analyzer.go:64.2,64.19 1 0
github.com/colussim/GoLC/pkg/analyzer/analyzer.go:67.57,70.21 2 0
github.com/colussim/GoLC/pkg/analyzer/analyzer.go:70.21,72.3 1 0
github.com/colussim/GoLC/pkg/analyzer/analyzer.go:74.2,74.18 1 0
github.com/colussim/GoLC/pkg/analyzer/analyzer.go:77.63,78.47 1 0
github.com/colussim/GoLC/pkg/analyzer/analyzer.go:78.47,79.45 1 0
github.com/colussim/GoLC/pkg/analyzer/analyzer.go:79.45,81.4 1 0
github.com/colussim/GoLC/pkg/analyzer/analyzer.go:84.2,84.34 1 0
github.com/colussim/GoLC/pkg/analyzer/analyzer.go:84.34,87.3 2 0
github.com/colussim/GoLC/pkg/analyzer/analyzer.go:89.2,89.64 1 0
github.com/colussim/GoLC/pkg/analyzer/analyzer.go:89.64,91.3 1 0
github.com/colussim/GoLC/pkg/analyzer/analyzer.go:93.2,94.11 2 0
github.com/colussim/GoLC/pkg/devops/getbitbucketdc/getbitbucketdc.go:187.172,200.35 10 0
github.com/colussim/GoLC/pkg/devops/getbitbucketdc/getbitbucketdc.go:200.35,205.17 4 0
github.com/colussim/GoLC/pkg/devops/getbitbucketdc/getbitbucketdc.go:205.17,207.12 2 0
github.com/colussim/GoLC/pkg/devops/getbitbucketdc/getbitbucketdc.go:210.3,213.30 3 0
github.com/colussim/GoLC/pkg/devops/getbitbucketdc/getbitbucketdc.go:213.30,214.109 1 0
github.com/colussim/GoLC/pkg/devops/getbitbucketdc/getbitbucketdc.go:214.109,215.28 1 0
github.com/colussim/GoLC/pkg/devops/getbitbucketdc/getbitbucketdc.go:215.28,217.6 1 0
github.com/colussim/GoLC/pkg/devops/getbitbucketdc/getbitbucketdc.go:217.11,219.6 1 0
github.com/colussim/GoLC/pkg/devops/getbitbucketdc/getbitbucketdc.go:224.2,228.90 4 0
github.com/colussim/GoLC/pkg/devops/getbitbucketdc/getbitbucketdc.go:228.90,231.3 2 0
github.com/colussim/GoLC/pkg/devops/getbitbucketdc/getbitbucketdc.go:233.2,233.46 1 0
github.com/colussim/GoLC/pkg/devops/getbitbucketdc/getbitbucketdc.go:236.167,238.16 2 0
github.com/colussim/GoLC/pkg/devops/getbitbucketdc/getbitbucketdc.go:238.16,240.3 1 0
github.com/colussim/GoLC/pkg/devops/getbitbucketdc/getbitbucketdc.go:242.2,242.13 1 0
github.com/colussim/GoLC/pkg/devops/getbitbucketdc/getbitbucketdc.go:242.13,245.3 2 0
github.com/colussim/GoLC/pkg/devops/getbitbucketdc/getbitbucketdc.go:247.2,248.16 2 0
github.com/colussim/GoLC/pkg/devops/getbitbucketdc/getbitbucketdc.go:248.16,250.3 1 0
github.com/colussim/GoLC/pkg/devops/getbitbucketdc/getbitbucketdc.go:252.2,252.24 1 0
github.com/colussim/GoLC/pkg/devops/getbitbucketdc/getbitbucketdc.go:252.24,255.3 2 0
github.com/colussim/GoLC/pkg/devops/getbitbucketdc/getbitbucketdc.go:257.2,260.16 3 0
github.com/colussim/GoLC/pkg/devops/getbitbucketdc/getbitbucketdc.go:260.16,262.3 1 0
github.com/colussim/GoLC/pkg/devops/getbitbucketdc/getbitbucketdc.go:264.2,273.12 3 0
github.com/colussim/GoLC/pkg/devops/getbitbucketdc/getbitbucketdc.go:276.66,280.6 3 0
github.com/colussim/GoLC/pkg/devops/getbitbucketdc/getbitbucketdc.go:280.6,285.17 3 0
github.com/colussim/GoLC/pkg/devops/getbitbucketdc/getbitbucketdc.go:285.17,287.4 1 0
github.com/colussim/GoLC/pkg/devops/getbitbucketdc/getbitbucketdc.go:289.3,293.17 4 0
github.com/colussim/GoLC/pkg/devops/getbitbucketdc/getbitbucketdc.go:293.17,295.4 1 0
github.com/colussim/GoLC/pkg/devops/getbitbucketdc/getbitbucketdc.go:296.3,298.39 2 0
github.com/colussim/GoLC/pkg/devops/getbitbucketdc/getbitbucketdc.go:298.39,300.4 1 0
github.com/colussim/GoLC/pkg/devops/getbitbucketdc/getbitbucketdc.go:302.3,303.73 2 0
github.com/colussim/GoLC/pkg/devops/getbitbucketdc/getbitbucketdc.go:303.73,305.4 1 0
github.com/colussim/GoLC/pkg/devops/getbitbucketdc/getbitbucketdc.go:307.3,309.29 2 0
github.com/colussim/GoLC/pkg/devops/getbitbucketdc/getbitbucketdc.go:309.29,310.9 1 0
github.com/colussim/GoLC/pkg/devops/getbitbucketdc/getbitbucketdc.go:313.3,313.36 1 0
github.com/colussim/GoLC/pkg/devops/getbitbucketdc/getbitbucketdc.go:316.2,316.37 1 0
github.com/colussim/GoLC/pkg/devops/getbitbucketdc/getbitbucketdc.go:316.37,317.23 1 0
github.com/colussim/GoLC/pkg/devops/getbitbucketdc/getbitbucketdc.go:317.23,319.4 1 0
github.com/colussim/GoLC/pkg/devops/getbitbucketdc/getbitbucketdc.go:322.2,322.56 1 0
github.com/colussim/GoLC/pkg/devops/getbitbucketdc/getbitbucketdc.go:325.155,336.29 9 0
github.com/colussim/GoLC/pkg/devops/getbitbucketdc/getbitbucketdc.go:336.29,338.17 2 0
github.com/colussim/GoLC/pkg/devops/getbitbucketdc/getbitbucketdc.go:338.17,340.4 1 0
github.com/colussim/GoLC/pkg/devops/getbitbucketdc/getbitbucketdc.go:342.3,342.14 1 0
github.com/colussim/GoLC/pkg/devops/getbitbucketdc/getbitbucketdc.go:342.14,345.12 3 0
github.com/colussim/GoLC/pkg/devops/getbitbucketdc/getbitbucketdc.go:348.3,349.17 2 0
github.com/colussim/GoLC/pkg/devops/getbitbucketdc/getbitbucketdc.go:349.17,351.4 1 0
github.com/colussim/GoLC/pkg/devops/getbitbucketdc/getbitbucketdc.go:353.3,355.25 2 0
github.com/colussim/GoLC/pkg/devops/getbitbucketdc/getbitbucketdc.go:355.25,357.12 2 0
github.com/colussim/GoLC/pkg/devops/getbitbucketdc/getbitbucketdc.go:360.3,361.17 2 0
github.com/colussim/GoLC/pkg/devops/getbitbucketdc/getbitbucketdc.go:361.17,363.4 1 0
github.com/colussim/GoLC/pkg/devops/getbitbucketdc/getbitbucketdc.go:365.3,371.5 2 0
github.com/colussim/GoLC/pkg/devops/getbitbucketdc/getbitbucketdc.go:374.2,378.51 4 0
github.com/colussim/GoLC/pkg/devops/getbitbucketdc/getbitbucketdc.go:378.51,380.3 1 0
github.com/colussim/GoLC/pkg/devops/getbitbucketdc/getbitbucketdc.go:382.2,382.46 1 0
github.com/colussim/GoLC/pkg/devops/getbitbucketdc/getbitbucketdc.go:385.56,387.17 2 0
github.com/colussim/GoLC/pkg/devops/getbitbucketdc/getbitbucketdc.go:387.17,389.3 1 0
github.com/colussim/GoLC/pkg/devops/getbitbucketdc/getbitbucketdc.go:390.2,390.12 1 0
github.com/colussim/GoLC/pkg/devops/getbitbucketdc/getbitbucketdc.go:393.83,397.20 3 0
github.com/colussim/GoLC/pkg/devops/getbitbucketdc/getbitbucketdc.go:397.20,400.17 3 0
github.com/colussim/GoLC/pkg/devops/getbitbucketdc/getbitbucketdc.go:400.17,402.4 1 0
github.com/colussim/GoLC/pkg/devops/getbitbucketdc/getbitbucketdc.go:403.3,403.46 1 0
github.com/colussim/GoLC/pkg/devops/getbitbucketdc/getbitbucketdc.go:405.8,405.35 1 0
github.com/colussim/GoLC/pkg/devops/getbitbucketdc/getbitbucketdc.go:405.35,408.3 2 0
github.com/colussim/GoLC/pkg/devops/getbitbucketdc/getbitbucketdc.go:408.8,411.3 2 0
github.com/colussim/GoLC/pkg/devops/getbitbucketdc/getbitbucketdc.go:412.2,412.22 1 0
github.com/colussim/GoLC/pkg/devops/getbitbucketdc/getbitbucketdc.go:415.95,419.20 3 0
github.com/colussim/GoLC/pkg/devops/getbitbucketdc/getbitbucketdc.go:419.20,422.17 3 0
github.com/colussim/GoLC/pkg/devops/getbitbucketdc/getbitbucketdc.go:422.17,424.4 1 0
github.com/colussim/GoLC/pkg/devops/getbitbucketdc/getbitbucketdc.go:425.3,425.46 1 0
github.com/colussim/GoLC/pkg/devops/getbitbucketdc/getbitbucketdc.go:426.8,426.35 1 0
github.com/colussim/GoLC/pkg/devops/getbitbucketdc/getbitbucketdc.go:426.35,429.3 2 0
github.com/colussim/GoLC/pkg/devops/getbitbucketdc/getbitbucketdc.go:429.8,432.39 3 0
github.com/colussim/GoLC/pkg/devops/getbitbucketdc/getbitbucketdc.go:432.39,435.4 2 0
github.com/colussim/GoLC/pkg/devops/getbitbucketdc/getbitbucketdc.go:438.2,438.22 1 0
github.com/colussim/GoLC/pkg/devops/getbitbucketdc/getbitbucketdc.go:441.111,445.34 3 0
github.com/colussim/GoLC/pkg/devops/getbitbucketdc/getbitbucketdc.go:445.34,451.17 5 0
github.com/colussim/GoLC/pkg/devops/getbitbucketdc/getbitbucketdc.go:451.17,453.12 2 0
github.com/colussim/GoLC/pkg/devops/getbitbucketdc/getbitbucketdc.go:456.3,456.29 1 0
github.com/colussim/GoLC/pkg/devops/getbitbucketdc/getbitbucketdc.go:456.29,459.4 2 0
github.com/colussim/GoLC/pkg/devops/getbitbucketdc/getbitbucketdc.go:462.2,462.48 1 0
github.com/colussim/GoLC/pkg/devops/getbitbucketdc/getbitbucketdc.go:465.146,469.34 3 0
github.com/colussim/GoLC/pkg/devops/getbitbucketdc/getbitbucketdc.go:469.34,475.17 5 0
github.com/colussim/GoLC/pkg/devops/getbitbucketdc/getbitbucketdc.go:475.17,477.4 1 0
github.com/colussim/GoLC/pkg/devops/getbitbucketdc/getbitbucketdc.go:479.3,479.29 1 0
github.com/colussim/GoLC/pkg/devops/getbitbucketdc/getbitbucketdc.go:479.29,482.4 2 0
github.com/colussim/GoLC/pkg/devops/getbitbucketdc/getbitbucketdc.go:485.2,485.48 1 0
github.com/colussim/GoLC/pkg/devops/getbitbucketdc/getbitbucketdc.go:488.54,490.16 2 0
github.com/colussim/GoLC/pkg/devops/getbitbucketdc/getbitbucketdc.go:490.16,492.3 1 0
github.com/colussim/GoLC/pkg/devops/getbitbucketdc/getbitbucketdc.go:493.2,496.31 3 0
github.com/colussim/GoLC/pkg/devops/getbitbucketdc/getbitbucketdc.go:499.72,501.16 2 0
github.com/colussim/GoLC/pkg/devops/getbitbucketdc/getbitbucketdc.go:501.16,503.3 1 0
github.com/colussim/GoLC/pkg/devops/getbitbucketdc/getbitbucketdc.go:504.2,507.31 3 0
github.com/colussim/GoLC/pkg/devops/getbitbucketdc/getbitbucketdc.go:510.116,527.16 12 0
github.com/colussim/GoLC/pkg/devops/getbitbucketdc/getbitbucketdc.go:527.16,530.3 2 0
github.com/colussim/GoLC/pkg/devops/getbitbucketdc/getbitbucketdc.go:533.2,534.16 2 0
github.com/colussim/GoLC/pkg/devops/getbitbucketdc/getbitbucketdc.go:534.16,536.3 1 0
github.com/colussim/GoLC/pkg/devops/getbitbucketdc/getbitbucketdc.go:539.2,539.21 1 0
github.com/colussim/GoLC/pkg/devops/getbitbucketdc/getbitbucketdc.go:539.21,552.3 2 0
github.com/colussim/GoLC/pkg/devops/getbitbucketdc/getbitbucketdc.go:552.8,567.3 2 0
github.com/colussim/GoLC/pkg/devops/getbitbucketdc/getbitbucketdc.go:570.2,570.66 1 0
github.com/colussim/GoLC/pkg/devops/getbitbucketdc/getbitbucketdc.go:573.84,574.26 1 0
github.com/colussim/GoLC/pkg/devops/getbitbucketdc/getbitbucketdc.go:574.26,579.3 1 0
github.com/colussim/GoLC/pkg/devops/getbitbucketdc/getbitbucketdc.go:580.2,580.47 1 0
github.com/colussim/GoLC/pkg/devops/getbitbucketdc/getbitbucketdc.go:583.178,591.33 6 0
github.com/colussim/GoLC/pkg/devops/getbitbucketdc/getbitbucketdc.go:591.33,595.3 3 0
github.com/colussim/GoLC/pkg/devops/getbitbucketdc/getbitbucketdc.go:595.8,595.40 1 0
github.com/colussim/GoLC/pkg/devops/getbitbucketdc/getbitbucketdc.go:595.40,596.50 1 0
github.com/colussim/GoLC/pkg/devops/getbitbucketdc/getbitbucketdc.go:596.50,598.4 1 0
github.com/colussim/GoLC/pkg/devops/getbitbucketdc/getbitbucketdc.go:599.3,601.14 3 0
github.com/colussim/GoLC/pkg/devops/getbitbucketdc/getbitbucketdc.go:602.8,602.40 1 0
github.com/colussim/GoLC/pkg/devops/getbitbucketdc/getbitbucketdc.go:602.40,604.57 2 0
github.com/colussim/GoLC/pkg/devops/getbitbucketdc/getbitbucketdc.go:604.57,606.4 1 0
github.com/colussim/GoLC/pkg/devops/getbitbucketdc/getbitbucketdc.go:607.3,609.14 3 0
github.com/colussim/GoLC/pkg/devops/getbitbucketdc/getbitbucketdc.go:610.8,612.3 1 0
github.com/colussim/GoLC/pkg/devops/getbitbucketdc/getbitbucketdc.go:614.2,614.16 1 0
github.com/colussim/GoLC/pkg/devops/getbitbucketdc/getbitbucketdc.go:614.16,616.3 1 0
github.com/colussim/GoLC/pkg/devops/getbitbucketdc/getbitbucketdc.go:617.2,617.29 1 0
github.com/colussim/GoLC/pkg/devops/getbitbucketdc/getbitbucketdc.go:620.95,624.43 3 0
github.com/colussim/GoLC/pkg/devops/getbitbucketdc/getbitbucketdc.go:624.43,625.43 1 0
github.com/colussim/GoLC/pkg/devops/getbitbucketdc/getbitbucketdc.go:625.43,630.4 4 0
github.com/colussim/GoLC/pkg/devops/getbitbucketdc/getbitbucketdc.go:631.3,631.34 1 0
github.com/colussim/GoLC/pkg/devops/getbitbucketdc/getbitbucketdc.go:634.2,641.26 6 0
github.com/colussim/GoLC/pkg/devops/getbitbucketdc/getbitbucketdc.go:644.69,647.16 2 0
github.com/colussim/GoLC/pkg/devops/getbitbucketdc/getbitbucketdc.go:647.16,649.3 1 0
github.com/colussim/GoLC/pkg/devops/getbitbucketdc/getbitbucketdc.go:650.2,654.16 4 0
github.com/colussim/GoLC/pkg/devops/getbitbucketdc/getbitbucketdc.go:654.16,656.3 1 0
github.com/colussim/GoLC/pkg/devops/getbitbucketdc/getbitbucketdc.go:657.2,660.38 3 0
github.com/colussim/GoLC/pkg/devops/getbitbucketdc/getbitbucketdc.go:660.38,663.17 2 0
github.com/colussim/GoLC/pkg/devops/getbitbucketdc/getbitbucketdc.go:663.17,665.4 1 0
github.com/colussim/GoLC/pkg/devops/getbitbucketdc/getbitbucketdc.go:667.8,675.17 3 0
github.com/colussim/GoLC/pkg/devops/getbitbucketdc/getbitbucketdc.go:675.17,677.4 1 0
github.com/colussim/GoLC/pkg/devops/getbitbucketdc/getbitbucketdc.go:678.3,678.76 1 0
github.com/colussim/GoLC/pkg/devops/getbitbucketdc/getbitbucketdc.go:681.2,681.33 1 0
github.com/colussim/GoLC/pkg/devops/getbitbucketdc/getbitbucketdc.go:684.110,686.6 2 0
github.com/colussim/GoLC/pkg/devops/getbitbucketdc/getbitbucketdc.go:686.6,688.17 2 0
github.com/colussim/GoLC/pkg/devops/getbitbucketdc/getbitbucketdc.go:688.17,690.4 1 0
github.com/colussim/GoLC/pkg/devops/getbitbucketdc/getbitbucketdc.go:691.3,693.50 2 0
github.com/colussim/GoLC/pkg/devops/getbitbucketdc/getbitbucketdc.go:693.50,695.73 1 0
github.com/colussim/GoLC/pkg/devops/getbitbucketdc/getbitbucketdc.go:695.73,697.5 1 0
github.com/colussim/GoLC/pkg/devops/getbitbucketdc/getbitbucketdc.go:697.10,698.55 1 0
github.com/colussim/GoLC/pkg/devops/getbitbucketdc/getbitbucketdc.go:698.55,700.6 1 0
github.com/colussim/GoLC/pkg/devops/getbitbucketdc/getbitbucketdc.go:704.3,704.33 1 0
github.com/colussim/GoLC/pkg/devops/getbitbucketdc/getbitbucketdc.go:704.33,705.9 1 0
github.com/colussim/GoLC/pkg/devops/getbitbucketdc/getbitbucketdc.go:707.3,707.66 1 0
github.com/colussim/GoLC/pkg/devops/getbitbucketdc/getbitbucketdc.go:709.2,709.25 1 0
github.com/colussim/GoLC/pkg/devops/getbitbucketdc/getbitbucketdc.go:712.111,716.16 3 0
github.com/colussim/GoLC/pkg/devops/getbitbucketdc/getbitbucketdc.go:716.16,718.3 1 0
github.com/colussim/GoLC/pkg/devops/getbitbucketdc/getbitbucketdc.go:719.2,721.27 2 0
github.com/colussim/GoLC/pkg/devops/getbitbucketdc/getbitbucketdc.go:721.27,724.3 2 0
github.com/colussim/GoLC/pkg/devops/getbitbucketdc/getbitbucketdc.go:725.2,725.71 1 0
github.com/colussim/GoLC/pkg/devops/getbitbucketdc/getbitbucketdc.go:725.71,727.3 1 0
github.com/colussim/GoLC/pkg/devops/getbitbucketdc/getbitbucketdc.go:727.8,728.53 1 0
github.com/colussim/GoLC/pkg/devops/getbitbucketdc/getbitbucketdc.go:728.53,730.4 1 0
github.com/colussim/GoLC/pkg/devops/getbitbucketdc/getbitbucketdc.go:733.2,733.25 1 0
github.com/colussim/GoLC/pkg/devops/getbitbucketdc/getbitbucketdc.go:736.104,740.16 3 0
github.com/colussim/GoLC/pkg/devops/getbitbucketdc/getbitbucketdc.go:740.16,742.3 1 0
github.com/colussim/GoLC/pkg/devops/getbitbucketdc/getbitbucketdc.go:743.2,745.25 2 0
github.com/colussim/GoLC/pkg/devops/getbitbucketdc/getbitbucketdc.go:745.25,748.3 2 0
github.com/colussim/GoLC/pkg/devops/getbitbucketdc/getbitbucketdc.go:750.2,752.71 2 0
github.com/colussim/GoLC/pkg/devops/getbitbucketdc/getbitbucketdc.go:752.71,754.3 1 0
github.com/colussim/GoLC/pkg/devops/getbitbucketdc/getbitbucketdc.go:754.8,755.46 1 0
github.com/colussim/GoLC/pkg/devops/getbitbucketdc/getbitbucketdc.go:755.46,757.4 1 0
github.com/colussim/GoLC/pkg/devops/getbitbucketdc/getbitbucketdc.go:760.2,760.22 1 0
github.com/colussim/GoLC/pkg/devops/getbitbucketdc/getbitbucketdc.go:763.97,767.16 3 0
github.com/colussim/GoLC/pkg/devops/getbitbucketdc/getbitbucketdc.go:767.16,769.3 1 0
github.com/colussim/GoLC/pkg/devops/getbitbucketdc/getbitbucketdc.go:770.2,774.16 4 0
github.com/colussim/GoLC/pkg/devops/getbitbucketdc/getbitbucketdc.go:774.16,776.3 1 0
github.com/colussim/GoLC/pkg/devops/getbitbucketdc/getbitbucketdc.go:777.2,780.16 3 0
github.com/colussim/GoLC/pkg/devops/getbitbucketdc/getbitbucketdc.go:780.16,782.3 1 0
github.com/colussim/GoLC/pkg/devops/getbitbucketdc/getbitbucketdc.go:784.2,784.23 1 0
github.com/colussim/GoLC/pkg/devops/getbitbucketdc/getbitbucketdc.go:784.23,786.3 1 0
github.com/colussim/GoLC/pkg/devops/getbitbucketdc/getbitbucketdc.go:786.8,788.3 1 0
github.com/colussim/GoLC/pkg/devops/getbitbucketdc/getbitbucketdc.go:790.2,791.16 2 0
github.com/colussim/GoLC/pkg/devops/getbitbucketdc/getbitbucketdc.go:791.16,793.3 1 0
github.com/colussim/GoLC/pkg/devops/getbitbucketdc/getbitbucketdc.go:795.2,795.26 1 0
github.com/colussim/GoLC/pkg/devops/getbitbucketdc/getbitbucketdc.go:799.88,803.2 2 0
github.com/colussim/GoLC/pkg/devops/getbitbucketdc/getbitbucketdc.go:805.85,808.2 2 0
github.com/colussim/GoLC/pkg/devops/getbitbucketdc/getbitbucketdc.go:809.81,812.2 2 0
github.com/colussim/GoLC/pkg/devops/getbitbucketdc/getbitbucketdc.go:814.75,817.2 2 0
github.com/colussim/GoLC/pkg/devops/getbitbucketdc/getbitbucketdc.go:819.104,821.6 2 0
github.com/colussim/GoLC/pkg/devops/getbitbucketdc/getbitbucketdc.go:821.6,823.17 2 0
github.com/colussim/GoLC/pkg/devops/getbitbucketdc/getbitbucketdc.go:823.17,825.4 1 0
github.com/colussim/GoLC/pkg/devops/getbitbucketdc/getbitbucketdc.go:826.3,827.45 2 0
github.com/colussim/GoLC/pkg/devops/getbitbucketdc/getbitbucketdc.go:827.45,830.73 2 0
github.com/colussim/GoLC/pkg/devops/getbitbucketdc/getbitbucketdc.go:830.73,832.5 1 0
github.com/colussim/GoLC/pkg/devops/getbitbucketdc/getbitbucketdc.go:832.10,833.48 1 0
github.com/colussim/GoLC/pkg/devops/getbitbucketdc/getbitbucketdc.go:833.48,835.6 1 0
github.com/colussim/GoLC/pkg/devops/getbitbucketdc/getbitbucketdc.go:840.3,840.31 1 0
github.com/colussim/GoLC/pkg/devops/getbitbucketdc/getbitbucketdc.go:840.31,841.9 1 0
github.com/colussim/GoLC/pkg/devops/getbitbucketdc/getbitbucketdc.go:843.3,843.64 1 0
github.com/colussim/GoLC/pkg/devops/getbitbucketdc/getbitbucketdc.go:845.2,845.22 1 0
github.com/colussim/GoLC/pkg/devops/getbitbucketdc/getbitbucketdc.go:848.94,852.16 3 0
github.com/colussim/GoLC/pkg/devops/getbitbucketdc/getbitbucketdc.go:852.16,854.3 1 0
github.com/colussim/GoLC/pkg/devops/getbitbucketdc/getbitbucketdc.go:855.2,859.16 4 0
github.com/colussim/GoLC/pkg/devops/getbitbucketdc/getbitbucketdc.go:859.16,861.3 1 0
github.com/colussim/GoLC/pkg/devops/getbitbucketdc/getbitbucketdc.go:862.2,865.16 3 0
github.com/colussim/GoLC/pkg/devops/getbitbucketdc/getbitbucketdc.go:865.16,867.3 1 0
github.com/colussim/GoLC/pkg/devops/getbitbucketdc/getbitbucketdc.go:869.2,869.23 1 0
github.com/colussim/GoLC/pkg/devops/getbitbucketdc/getbitbucketdc.go:869.23,871.3 1 0
github.com/colussim/GoLC/pkg/devops/getbitbucketdc/getbitbucketdc.go:871.8,873.3 1 0
github.com/colussim/GoLC/pkg/devops/getbitbucketdc/getbitbucketdc.go:875.2,876.16 2 0
github.com/colussim/GoLC/pkg/devops/getbitbucketdc/getbitbucketdc.go:876.16,878.3 1 0
github.com/colussim/GoLC/pkg/devops/getbitbucketdc/getbitbucketdc.go:880.2,880.23 1 0
github.com/colussim/GoLC/pkg/devops/getbitbucketdc/getbitbucketdc.go:884.73,886.6 2 0
github.com/colussim/GoLC/pkg/devops/getbitbucketdc/getbitbucketdc.go:886.6,888.17 2 0
github.com/colussim/GoLC/pkg/devops/getbitbucketdc/getbitbucketdc.go:888.17,890.4 1 0
github.com/colussim/GoLC/pkg/devops/getbitbucketdc/getbitbucketdc.go:891.3,892.30 2 0
github.com/colussim/GoLC/pkg/devops/getbitbucketdc/getbitbucketdc.go:892.30,893.9 1 0
github.com/colussim/GoLC/pkg/devops/getbitbucketdc/getbitbucketdc.go:895.3,895.63 1 0
github.com/colussim/GoLC/pkg/devops/getbitbucketdc/getbitbucketdc.go:897.2,897.25 1 0
github.com/colussim/GoLC/pkg/devops/getbitbucketdc/getbitbucketdc.go:900.77,902.16 2 0
github.com/colussim/GoLC/pkg/devops/getbitbucketdc/getbitbucketdc.go:902.16,904.3 1 0
github.com/colussim/GoLC/pkg/devops/getbitbucketdc/getbitbucketdc.go:905.2,909.16 4 0
github.com/colussim/GoLC/pkg/devops/getbitbucketdc/getbitbucketdc.go:909.16,911.3 1 0
github.com/colussim/GoLC/pkg/devops/getbitbucketdc/getbitbucketdc.go:912.2,915.16 3 0
github.com/colussim/GoLC/pkg/devops/getbitbucketdc/getbitbucketdc.go:915.16,917.3 1 0
github.com/colussim/GoLC/pkg/devops/getbitbucketdc/getbitbucketdc.go:919.2,921.16 3 0
github.com/colussim/GoLC/pkg/devops/getbitbucketdc/getbitbucketdc.go:921.16,923.3 1 0
github.com/colussim/GoLC/pkg/devops/getbitbucketdc/getbitbucketdc.go:925.2,925.27 1 0
github.com/colussim/GoLC/pkg/devops/getbitbucketdc/getbitbucketdc.go:928.72,930.16 2 0
github.com/colussim/GoLC/pkg/devops/getbitbucketdc/getbitbucketdc.go:930.16,932.3 1 0
github.com/colussim/GoLC/pkg/devops/getbitbucketdc/getbitbucketdc.go:933.2,937.16 4 0
github.com/colussim/GoLC/pkg/devops/getbitbucketdc/getbitbucketdc.go:937.16,939.3 1 0
github.com/colussim/GoLC/pkg/devops/getbitbucketdc/getbitbucketdc.go:940.2,943.16 3 0
github.com/colussim/GoLC/pkg/devops/getbitbucketdc/getbitbucketdc.go:943.16,945.3 1 0
github.com/colussim/GoLC/pkg/devops/getbitbucketdc/getbitbucketdc.go:947.2,949.16 3 0
github.com/colussim/GoLC/pkg/devops/getbitbucketdc/getbitbucketdc.go:949.16,951.3 1 0
github.com/colussim/GoLC/pkg/devops/getbitbucketdc/getbitbucketdc.go:953.2,953.24 1 0
github.com/colussim/GoLC/pkg/devops/getbitbucketdc/getbitbucketdc.go:956.150,960.16 3 0
github.com/colussim/GoLC/pkg/devops/getbitbucketdc/getbitbucketdc.go:960.16,962.3 1 0
github.com/colussim/GoLC/pkg/devops/getbitbucketdc/getbitbucketdc.go:963.2,967.16 4 0
github.com/colussim/GoLC/pkg/devops/getbitbucketdc/getbitbucketdc.go:967.16,969.3 1 0
github.com/colussim/GoLC/pkg/devops/getbitbucketdc/getbitbucketdc.go:970.2,973.16 3 0
github.com/colussim/GoLC/pkg/devops/getbitbucketdc/getbitbucketdc.go:973.16,975.3 1 0
github.com/colussim/GoLC/pkg/devops/getbitbucketdc/getbitbucketdc.go:977.2,979.16 3 0
github.com/colussim/GoLC/pkg/devops/getbitbucketdc/getbitbucketdc.go:979.16,981.3 1 0
github.com/colussim/GoLC/pkg/devops/getbitbucketdc/getbitbucketdc.go:983.2,989.49 5 0
github.com/colussim/GoLC/pkg/devops/getbitbucketdc/getbitbucketdc.go:989.49,990.26 1 0
github.com/colussim/GoLC/pkg/devops/getbitbucketdc/getbitbucketdc.go:990.26,992.31 2 0
github.com/colussim/GoLC/pkg/devops/getbitbucketdc/getbitbucketdc.go:992.31,994.5 1 0
github.com/colussim/GoLC/pkg/devops/getbitbucketdc/getbitbucketdc.go:994.10,994.43 1 0
github.com/colussim/GoLC/pkg/devops/getbitbucketdc/getbitbucketdc.go:994.43,996.19 2 0
github.com/colussim/GoLC/pkg/devops/getbitbucketdc/getbitbucketdc.go:996.19,999.6 2 0
github.com/colussim/GoLC/pkg/devops/getbitbucketdc/getbitbucketdc.go:1000.5,1000.24 1 0
github.com/colussim/GoLC/pkg/devops/getbitbucketdc/getbitbucketdc.go:1005.2,1005.12 1 0
github.com/colussim/GoLC/pkg/devops/getbitbucketdc/getbitbucketdc.go:1005.12,1008.3 2 0
github.com/colussim/GoLC/pkg/devops/getbitbucketdc/getbitbucketdc.go:1010.2,1010.29 1 0
github.com/colussim/GoLC/pkg/devops/getbitbucketdc/getbitbucketdc.go:1010.29,1012.3 1 0
github.com/colussim/GoLC/pkg/devops/getbitbucketdc/getbitbucketdc.go:1014.2,1014.23 1 0
github.com/colussim/GoLC/pkg/devops/getbitbucketdc/getbitbucketdc.go:1017.174,1021.16 3 0
github.com/colussim/GoLC/pkg/devops/getbitbucketdc/getbitbucketdc.go:1021.16,1023.3 1 0
github.com/colussim/GoLC/pkg/devops/getbitbucketdc/getbitbucketdc.go:1024.2,1028.16 4 0
github.com/colussim/GoLC/pkg/devops/getbitbucketdc/getbitbucketdc.go:1028.16,1030.3 1 0
github.com/colussim/GoLC/pkg/devops/getbitbucketdc/getbitbucketdc.go:1031.2,1034.16 3 0
github.com/colussim/GoLC/pkg/devops/getbitbucketdc/getbitbucketdc.go:1034.16,1036.3 1 0
github.com/colussim/GoLC/pkg/devops/getbitbucketdc/getbitbucketdc.go:1038.2,1040.16 3 0
github.com/colussim/GoLC/pkg/devops/getbitbucketdc/getbitbucketdc.go:1040.16,1042.3 1 0
github.com/colussim/GoLC/pkg/devops/getbitbucketdc/getbitbucketdc.go:1044.2,1050.49 5 0
github.com/colussim/GoLC/pkg/devops/getbitbucketdc/getbitbucketdc.go:1050.49,1051.26 1 0
github.com/colussim/GoLC/pkg/devops/getbitbucketdc/getbitbucketdc.go:1051.26,1053.31 2 0
github.com/colussim/GoLC/pkg/devops/getbitbucketdc/getbitbucketdc.go:1053.31,1055.5 1 0
github.com/colussim/GoLC/pkg/devops/getbitbucketdc/getbitbucketdc.go:1055.10,1055.43 1 0
github.com/colussim/GoLC/pkg/devops/getbitbucketdc/getbitbucketdc.go:1055.43,1057.19 2 0
github.com/colussim/GoLC/pkg/devops/getbitbucketdc/getbitbucketdc.go:1057.19,1060.6 1 0
github.com/colussim/GoLC/pkg/devops/getbitbucketdc/getbitbucketdc.go:1061.5,1061.27 1 0
github.com/colussim/GoLC/pkg/devops/getbitbucketdc/getbitbucketdc.go:1066.2,1066.12 1 0
github.com/colussim/GoLC/pkg/devops/getbitbucketdc/getbitbucketdc.go:1066.12,1069.3 2 0
github.com/colussim/GoLC/pkg/devops/getbitbucketdc/getbitbucketdc.go:1071.2,1071.29 1 0
github.com/colussim/GoLC/pkg/devops/getbitbucketdc/getbitbucketdc.go:1071.29,1073.3 1 0
github.com/colussim/GoLC/pkg/devops/getbitbucketdc/getbitbucketdc.go:1075.2,1075.23 1 0
github.com/colussim/GoLC/pkg/devops/getbitbucketdc/getbitbucketdc.go:1078.106,1081.16 3 0
github.com/colussim/GoLC/pkg/devops/getbitbucketdc/getbitbucketdc.go:1081.16,1083.3 1 0
github.com/colussim/GoLC/pkg/devops/getbitbucketdc/getbitbucketdc.go:1084.2,1084.34 1 0
github.com/colussim/GoLC/pkg/devops/getbitbucketdc/getbitbucketdc.go:1084.34,1088.3 1 0
github.com/colussim/GoLC/pkg/devops/getbitbucketdc/getbitbucketdc.go:1090.2,1090.19 1 0
github.com/colussim/GoLC/pkg/devops/getgithub/getgithub.go:135.67,139.16 3 0
github.com/colussim/GoLC/pkg/devops/getgithub/getgithub.go:139.16,141.3 1 0
github.com/colussim/GoLC/pkg/devops/getgithub/getgithub.go:142.2,145.21 3 0
github.com/colussim/GoLC/pkg/devops/getgithub/getgithub.go:145.21,147.21 2 0
github.com/colussim/GoLC/pkg/devops/getgithub/getgithub.go:147.21,149.4 1 0
github.com/colussim/GoLC/pkg/devops/getgithub/getgithub.go:152.2,152.38 1 0
github.com/colussim/GoLC/pkg/devops/getgithub/getgithub.go:152.38,154.3 1 0
github.com/colussim/GoLC/pkg/devops/getgithub/getgithub.go:156.2,156.23 1 0
github.com/colussim/GoLC/pkg/devops/getgithub/getgithub.go:160.67,163.2 2 0
github.com/colussim/GoLC/pkg/devops/getgithub/getgithub.go:165.46,168.16 2 0
github.com/colussim/GoLC/pkg/devops/getgithub/getgithub.go:168.16,171.3 2 0
github.com/colussim/GoLC/pkg/devops/getgithub/getgithub.go:172.2,178.47 3 0
github.com/colussim/GoLC/pkg/devops/getgithub/getgithub.go:178.47,181.3 2 0
github.com/colussim/GoLC/pkg/devops/getgithub/getgithub.go:183.2,184.12 2 0
github.com/colussim/GoLC/pkg/devops/getgithub/getgithub.go:187.42,190.16 2 0
github.com/colussim/GoLC/pkg/devops/getgithub/getgithub.go:190.16,193.3 2 0
github.com/colussim/GoLC/pkg/devops/getgithub/getgithub.go:194.2,200.47 3 0
github.com/colussim/GoLC/pkg/devops/getgithub/getgithub.go:200.47,203.3 2 0
github.com/colussim/GoLC/pkg/devops/getgithub/getgithub.go:206.2,206.12 1 0
github.com/colussim/GoLC/pkg/devops/getgithub/getgithub.go:209.57,212.16 2 0
github.com/colussim/GoLC/pkg/devops/getgithub/getgithub.go:212.16,215.3 2 0
github.com/colussim/GoLC/pkg/devops/getgithub/getgithub.go:216.2,222.46 3 0
github.com/colussim/GoLC/pkg/devops/getgithub/getgithub.go:222.46,225.3 2 0
github.com/colussim/GoLC/pkg/devops/getgithub/getgithub.go:228.2,228.12 1 0
github.com/colussim/GoLC/pkg/devops/getgithub/getgithub.go:230.50,233.16 2 0
github.com/colussim/GoLC/pkg/devops/getgithub/getgithub.go:233.16,236.3 2 0
github.com/colussim/GoLC/pkg/devops/getgithub/getgithub.go:237.2,243.46 3 0
github.com/colussim/GoLC/pkg/devops/getgithub/getgithub.go:243.46,246.3 2 0
github.com/colussim/GoLC/pkg/devops/getgithub/getgithub.go:248.2,249.12 2 0
github.com/colussim/GoLC/pkg/devops/getgithub/getgithub.go:252.39,255.16 2 0
github.com/colussim/GoLC/pkg/devops/getgithub/getgithub.go:255.16,258.3 2 0
github.com/colussim/GoLC/pkg/devops/getgithub/getgithub.go:259.2,265.45 3 0
github.com/colussim/GoLC/pkg/devops/getgithub/getgithub.go:265.45,268.3 2 0
github.com/colussim/GoLC/pkg/devops/getgithub/getgithub.go:270.2,271.12 2 0
github.com/colussim/GoLC/pkg/devops/getgithub/getgithub.go:274.133,285.35 8 0
github.com/colussim/GoLC/pkg/devops/getgithub/getgithub.go:285.35,287.25 2 0
github.com/colussim/GoLC/pkg/devops/getgithub/getgithub.go:287.25,289.12 2 0
github.com/colussim/GoLC/pkg/devops/getgithub/getgithub.go:291.3,291.83 1 0
github.com/colussim/GoLC/pkg/devops/getgithub/getgithub.go:291.83,294.12 3 0
github.com/colussim/GoLC/pkg/devops/getgithub/getgithub.go:296.3,297.17 2 0
github.com/colussim/GoLC/pkg/devops/getgithub/getgithub.go:297.17,299.12 2 0
github.com/colussim/GoLC/pkg/devops/getgithub/getgithub.go:301.3,301.15 1 0
github.com/colussim/GoLC/pkg/devops/getgithub/getgithub.go:301.15,310.4 3 0
github.com/colussim/GoLC/pkg/devops/getgithub/getgithub.go:310.9,312.4 1 0
github.com/colussim/GoLC/pkg/devops/getgithub/getgithub.go:313.3,313.8 1 0
github.com/colussim/GoLC/pkg/devops/getgithub/getgithub.go:316.2,320.43 2 0
github.com/colussim/GoLC/pkg/devops/getgithub/getgithub.go:320.43,323.3 2 0
github.com/colussim/GoLC/pkg/devops/getgithub/getgithub.go:325.2,325.96 1 0
github.com/colussim/GoLC/pkg/devops/getgithub/getgithub.go:328.180,345.20 11 0
github.com/colussim/GoLC/pkg/devops/getgithub/getgithub.go:345.20,352.3 4 0
github.com/colussim/GoLC/pkg/devops/getgithub/getgithub.go:352.8,352.35 1 0
github.com/colussim/GoLC/pkg/devops/getgithub/getgithub.go:352.35,355.17 2 0
github.com/colussim/GoLC/pkg/devops/getgithub/getgithub.go:355.17,360.4 3 0
github.com/colussim/GoLC/pkg/devops/getgithub/getgithub.go:360.9,363.18 2 0
github.com/colussim/GoLC/pkg/devops/getgithub/getgithub.go:363.18,367.5 3 0
github.com/colussim/GoLC/pkg/devops/getgithub/getgithub.go:368.4,369.30 2 0
github.com/colussim/GoLC/pkg/devops/getgithub/getgithub.go:371.8,374.17 2 0
github.com/colussim/GoLC/pkg/devops/getgithub/getgithub.go:374.17,378.4 3 0
github.com/colussim/GoLC/pkg/devops/getgithub/getgithub.go:379.3,380.29 2 0
github.com/colussim/GoLC/pkg/devops/getgithub/getgithub.go:383.2,384.16 2 0
github.com/colussim/GoLC/pkg/devops/getgithub/getgithub.go:384.16,388.3 3 0
github.com/colussim/GoLC/pkg/devops/getgithub/getgithub.go:390.2,397.36 5 0
github.com/colussim/GoLC/pkg/devops/getgithub/getgithub.go:400.153,402.6 2 0
github.com/colussim/GoLC/pkg/devops/getgithub/getgithub.go:402.6,404.17 2 0
github.com/colussim/GoLC/pkg/devops/getgithub/getgithub.go:404.17,405.65 1 0
github.com/colussim/GoLC/pkg/devops/getgithub/getgithub.go:405.65,408.13 3 0
github.com/colussim/GoLC/pkg/devops/getgithub/getgithub.go:410.4,410.19 1 0
github.com/colussim/GoLC/pkg/devops/getgithub/getgithub.go:412.3,413.25 2 0
github.com/colussim/GoLC/pkg/devops/getgithub/getgithub.go:413.25,414.9 1 0
github.com/colussim/GoLC/pkg/devops/getgithub/getgithub.go:416.3,416.27 1 0
github.com/colussim/GoLC/pkg/devops/getgithub/getgithub.go:418.2,418.22 1 0
github.com/colussim/GoLC/pkg/devops/getgithub/getgithub.go:421.119,424.6 3 0
github.com/colussim/GoLC/pkg/devops/getgithub/getgithub.go:424.6,426.17 2 0
github.com/colussim/GoLC/pkg/devops/getgithub/getgithub.go:426.17,427.65 1 0
github.com/colussim/GoLC/pkg/devops/getgithub/getgithub.go:427.65,430.13 3 0
github.com/colussim/GoLC/pkg/devops/getgithub/getgithub.go:432.4,432.19 1 0
github.com/colussim/GoLC/pkg/devops/getgithub/getgithub.go:434.3,435.25 2 0
github.com/colussim/GoLC/pkg/devops/getgithub/getgithub.go:435.25,436.9 1 0
github.com/colussim/GoLC/pkg/devops/getgithub/getgithub.go:438.3,438.27 1 0
github.com/colussim/GoLC/pkg/devops/getgithub/getgithub.go:440.2,440.23 1 0
github.com/colussim/GoLC/pkg/devops/getgithub/getgithub.go:443.89,446.31 3 0
github.com/colussim/GoLC/pkg/devops/getgithub/getgithub.go:446.31,447.67 1 0
github.com/colussim/GoLC/pkg/devops/getgithub/getgithub.go:447.67,448.27 1 0
github.com/colussim/GoLC/pkg/devops/getgithub/getgithub.go:449.21,451.19 2 0
github.com/colussim/GoLC/pkg/devops/getgithub/getgithub.go:451.19,453.14 2 0
github.com/colussim/GoLC/pkg/devops/getgithub/getgithub.go:455.5,456.11 2 0
github.com/colussim/GoLC/pkg/devops/getgithub/getgithub.go:456.11,458.58 2 0
github.com/colussim/GoLC/pkg/devops/getgithub/getgithub.go:458.58,460.57 2 0
github.com/colussim/GoLC/pkg/devops/getgithub/getgithub.go:460.57,462.8 1 0
github.com/colussim/GoLC/pkg/devops/getgithub/getgithub.go:463.7,463.40 1 0
github.com/colussim/GoLC/pkg/devops/getgithub/getgithub.go:469.2,469.21 1 0
github.com/colussim/GoLC/pkg/devops/getgithub/getgithub.go:472.151,474.36 2 0
github.com/colussim/GoLC/pkg/devops/getgithub/getgithub.go:474.36,475.18 1 0
github.com/colussim/GoLC/pkg/devops/getgithub/getgithub.go:475.18,477.4 1 0
github.com/colussim/GoLC/pkg/devops/getgithub/getgithub.go:477.9,479.4 1 0
github.com/colussim/GoLC/pkg/devops/getgithub/getgithub.go:483.145,485.16 2 0
github.com/colussim/GoLC/pkg/devops/getgithub/getgithub.go:485.16,486.64 1 0
github.com/colussim/GoLC/pkg/devops/getgithub/getgithub.go:486.64,490.4 3 0
github.com/colussim/GoLC/pkg/devops/getgithub/getgithub.go:491.3,491.17 1 0
github.com/colussim/GoLC/pkg/devops/getgithub/getgithub.go:491.17,494.4 2 0
github.com/colussim/GoLC/pkg/devops/getgithub/getgithub.go:497.2,497.53 1 0
github.com/colussim/GoLC/pkg/devops/getgithub/getgithub.go:497.53,498.47 1 0
github.com/colussim/GoLC/pkg/devops/getgithub/getgithub.go:498.47,499.36 1 0
github.com/colussim/GoLC/pkg/devops/getgithub/getgithub.go:499.36,503.5 3 0
github.com/colussim/GoLC/pkg/devops/getgithub/getgithub.go:508.148,515.6 3 0
github.com/colussim/GoLC/pkg/devops/getgithub/getgithub.go:515.6,517.17 2 0
github.com/colussim/GoLC/pkg/devops/getgithub/getgithub.go:517.17,518.65 1 0
github.com/colussim/GoLC/pkg/devops/getgithub/getgithub.go:518.65,522.5 3 0
github.com/colussim/GoLC/pkg/devops/getgithub/getgithub.go:523.4,523.18 1 0
github.com/colussim/GoLC/pkg/devops/getgithub/getgithub.go:523.18,525.10 2 0
github.com/colussim/GoLC/pkg/devops/getgithub/getgithub.go:528.3,529.25 2 0
github.com/colussim/GoLC/pkg/devops/getgithub/getgithub.go:529.25,530.9 1 0
github.com/colussim/GoLC/pkg/devops/getgithub/getgithub.go:532.3,532.27 1 0
github.com/colussim/GoLC/pkg/devops/getgithub/getgithub.go:534.2,534.32 1 0
github.com/colussim/GoLC/pkg/devops/getgithub/getgithub.go:537.129,539.27 2 0
github.com/colussim/GoLC/pkg/devops/getgithub/getgithub.go:539.27,541.37 2 0
github.com/colussim/GoLC/pkg/devops/getgithub/getgithub.go:541.37,543.4 1 0
github.com/colussim/GoLC/pkg/devops/getgithub/getgithub.go:544.3,544.46 1 0
github.com/colussim/GoLC/pkg/devops/getgithub/getgithub.go:544.46,545.19 1 0
github.com/colussim/GoLC/pkg/devops/getgithub/getgithub.go:545.19,546.55 1 0
github.com/colussim/GoLC/pkg/devops/getgithub/getgithub.go:546.55,548.6 1 0
github.com/colussim/GoLC/pkg/devops/getgithub/getgithub.go:549.5,549.57 1 0
github.com/colussim/GoLC/pkg/devops/getgithub/getgithub.go:550.10,552.5 1 0
github.com/colussim/GoLC/pkg/devops/getgithub/getgithub.go:554.3,554.41 1 0
github.com/colussim/GoLC/pkg/devops/getgithub/getgithub.go:555.8,557.3 1 0
github.com/colussim/GoLC/pkg/devops/getgithub/getgithub.go:558.2,558.26 1 0
github.com/colussim/GoLC/pkg/devops/getgithub/getgithub.go:563.121,585.17 15 0
github.com/colussim/GoLC/pkg/devops/getgithub/getgithub.go:585.17,587.3 1 0
github.com/colussim/GoLC/pkg/devops/getgithub/getgithub.go:589.2,591.48 2 0
github.com/colussim/GoLC/pkg/devops/getgithub/getgithub.go:591.48,593.3 1 0
github.com/colussim/GoLC/pkg/devops/getgithub/getgithub.go:593.8,595.3 1 0
github.com/colussim/GoLC/pkg/devops/getgithub/getgithub.go:597.2,597.17 1 0
github.com/colussim/GoLC/pkg/devops/getgithub/getgithub.go:597.17,599.3 1 0
github.com/colussim/GoLC/pkg/devops/getgithub/getgithub.go:601.2,604.48 3 0
github.com/colussim/GoLC/pkg/devops/getgithub/getgithub.go:604.48,606.3 1 0
github.com/colussim/GoLC/pkg/devops/getgithub/getgithub.go:608.2,629.31 6 0
github.com/colussim/GoLC/pkg/devops/getgithub/getgithub.go:632.93,636.26 3 0
github.com/colussim/GoLC/pkg/devops/getgithub/getgithub.go:636.26,638.3 1 0
github.com/colussim/GoLC/pkg/devops/getgithub/getgithub.go:638.8,640.17 2 0
github.com/colussim/GoLC/pkg/devops/getgithub/getgithub.go:640.17,644.4 3 0
github.com/colussim/GoLC/pkg/devops/getgithub/getgithub.go:646.2,646.27 1 0
github.com/colussim/GoLC/pkg/devops/getgithub/getgithub.go:649.102,653.2 3 0
github.com/colussim/GoLC/pkg/devops/getgithub/getgithub.go:655.162,657.6 2 0
github.com/colussim/GoLC/pkg/devops/getgithub/getgithub.go:657.6,659.17 2 0
github.com/colussim/GoLC/pkg/devops/getgithub/getgithub.go:659.17,662.4 2 0
github.com/colussim/GoLC/pkg/devops/getgithub/getgithub.go:663.3,664.25 2 0
github.com/colussim/GoLC/pkg/devops/getgithub/getgithub.go:664.25,665.9 1 0
github.com/colussim/GoLC/pkg/devops/getgithub/getgithub.go:667.3,667.27 1 0
github.com/colussim/GoLC/pkg/devops/getgithub/getgithub.go:669.2,669.26 1 0
github.com/colussim/GoLC/pkg/devops/getgithub/getgithub.go:672.141,674.16 2 0
github.com/colussim/GoLC/pkg/devops/getgithub/getgithub.go:674.16,677.3 2 0
github.com/colussim/GoLC/pkg/devops/getgithub/getgithub.go:678.2,678.41 1 0
github.com/colussim/GoLC/pkg/devops/getgithub/getgithub.go:681.167,697.2 1 0
github.com/colussim/GoLC/pkg/devops/getgithub/getgithub.go:699.98,703.43 3 0
github.com/colussim/GoLC/pkg/devops/getgithub/getgithub.go:703.43,704.43 1 0
github.com/colussim/GoLC/pkg/devops/getgithub/getgithub.go:704.43,708.4 3 0
github.com/colussim/GoLC/pkg/devops/getgithub/getgithub.go:709.3,709.35 1 0
github.com/colussim/GoLC/pkg/devops/getgithub/getgithub.go:712.2,712.38 1 0
github.com/colussim/GoLC/pkg/devops/getgithub/getgithub.go:715.62,719.2 3 0
github.com/colussim/GoLC/pkg/devops/getgithub/getgithub.go:722.83,743.25 14 0
github.com/colussim/GoLC/pkg/devops/getgithub/getgithub.go:743.25,746.3 1 0
github.com/colussim/GoLC/pkg/devops/getgithub/getgithub.go:746.8,748.18 2 0
github.com/colussim/GoLC/pkg/devops/getgithub/getgithub.go:748.18,752.4 2 0
github.com/colussim/GoLC/pkg/devops/getgithub/getgithub.go:756.2,756.48 1 0
github.com/colussim/GoLC/pkg/devops/getgithub/getgithub.go:756.48,762.7 3 0
github.com/colussim/GoLC/pkg/devops/getgithub/getgithub.go:762.7,765.18 2 0
github.com/colussim/GoLC/pkg/devops/getgithub/getgithub.go:765.18,768.5 1 0
github.com/colussim/GoLC/pkg/devops/getgithub/getgithub.go:770.4,772.26 2 0
github.com/colussim/GoLC/pkg/devops/getgithub/getgithub.go:772.26,773.10 1 0
github.com/colussim/GoLC/pkg/devops/getgithub/getgithub.go:775.4,775.28 1 0
github.com/colussim/GoLC/pkg/devops/getgithub/getgithub.go:779.3,798.17 4 0
github.com/colussim/GoLC/pkg/devops/getgithub/getgithub.go:798.17,800.4 1 0
github.com/colussim/GoLC/pkg/devops/getgithub/getgithub.go:802.3,803.17 2 0
github.com/colussim/GoLC/pkg/devops/getgithub/getgithub.go:803.17,805.4 1 0
github.com/colussim/GoLC/pkg/devops/getgithub/getgithub.go:807.8,814.17 5 0
github.com/colussim/GoLC/pkg/devops/getgithub/getgithub.go:814.17,817.4 1 0
github.com/colussim/GoLC/pkg/devops/getgithub/getgithub.go:819.3,835.17 4 0
github.com/colussim/GoLC/pkg/devops/getgithub/getgithub.go:835.17,837.4 1 0
github.com/colussim/GoLC/pkg/devops/getgithub/getgithub.go:841.2,842.12 2 0
github.com/colussim/GoLC/pkg/devops/getgithub/getgithub.go:845.134,857.35 9 0
github.com/colussim/GoLC/pkg/devops/getgithub/getgithub.go:857.35,862.25 2 0
github.com/colussim/GoLC/pkg/devops/getgithub/getgithub.go:862.25,864.12 2 0
github.com/colussim/GoLC/pkg/devops/getgithub/getgithub.go:868.3,868.36 1 0
github.com/colussim/GoLC/pkg/devops/getgithub/getgithub.go:868.36,869.51 1 0
github.com/colussim/GoLC/pkg/devops/getgithub/getgithub.go:869.51,872.13 3 0
github.com/colussim/GoLC/pkg/devops/getgithub/getgithub.go:876.3,877.17 2 0
github.com/colussim/GoLC/pkg/devops/getgithub/getgithub.go:877.17,879.12 2 0
github.com/colussim/GoLC/pkg/devops/getgithub/getgithub.go:882.3,882.15 1 0
github.com/colussim/GoLC/pkg/devops/getgithub/getgithub.go:882.15,895.18 11 0
github.com/colussim/GoLC/pkg/devops/getgithub/getgithub.go:895.18,898.5 2 0
github.com/colussim/GoLC/pkg/devops/getgithub/getgithub.go:900.4,900.39 1 0
github.com/colussim/GoLC/pkg/devops/getgithub/getgithub.go:900.39,901.46 1 0
github.com/colussim/GoLC/pkg/devops/getgithub/getgithub.go:901.46,913.6 4 0
github.com/colussim/GoLC/pkg/devops/getgithub/getgithub.go:916.4,927.18 3 0
github.com/colussim/GoLC/pkg/devops/getgithub/getgithub.go:927.18,930.5 2 0
github.com/colussim/GoLC/pkg/devops/getgithub/getgithub.go:933.4,935.18 3 0
github.com/colussim/GoLC/pkg/devops/getgithub/getgithub.go:935.18,938.5 2 0
github.com/colussim/GoLC/pkg/devops/getgithub/getgithub.go:939.4,942.18 3 0
github.com/colussim/GoLC/pkg/devops/getgithub/getgithub.go:942.18,945.5 2 0
github.com/colussim/GoLC/pkg/devops/getgithub/getgithub.go:947.4,947.62 1 0
github.com/colussim/GoLC/pkg/devops/getgithub/getgithub.go:949.9,951.4 1 0
github.com/colussim/GoLC/pkg/devops/getgithub/getgithub.go:954.2,954.67 1 0
github.com/colussim/GoLC/pkg/devops/getgithub/getgithub.go:957.99,960.63 2 0
github.com/colussim/GoLC/pkg/devops/getgithub/getgithub.go:960.63,965.3 3 0
github.com/colussim/GoLC/pkg/devops/getgithub/getgithub.go:966.2,966.16 1 0
github.com/colussim/GoLC/pkg/devops/getgithub/getgithub.go:966.16,969.35 2 0
github.com/colussim/GoLC/pkg/devops/getgithub/getgithub.go:969.35,970.57 1 0
github.com/colussim/GoLC/pkg/devops/getgithub/getgithub.go:970.57,972.5 1 0
github.com/colussim/GoLC/pkg/devops/getgithub/getgithub.go:972.10,974.5 1 0
github.com/colussim/GoLC/pkg/devops/getgithub/getgithub.go:975.9,977.4 1 0
github.com/colussim/GoLC/pkg/devops/getgithub/getgithub.go:981.2,982.13 2 0
github.com/colussim/GoLC/pkg/devops/getgithub/getgithub.go:982.13,984.3 1 0
github.com/colussim/GoLC/pkg/devops/getgithub/getgithub.go:984.8,986.3 1 0
github.com/colussim/GoLC/pkg/devops/getgithub/getgithub.go:989.62,990.40 1 0
github.com/colussim/GoLC/pkg/devops/getgithub/getgithub.go:990.40,994.3 3 0
github.com/colussim/GoLC/pkg/devops/getgithub/getgithub.go:997.75,1002.6 3 0
github.com/colussim/GoLC/pkg/devops/getgithub/getgithub.go:1002.6,1004.17 2 0
github.com/colussim/GoLC/pkg/devops/getgithub/getgithub.go:1004.17,1006.4 1 0
github.com/colussim/GoLC/pkg/devops/getgithub/getgithub.go:1007.3,1012.17 5 0
github.com/colussim/GoLC/pkg/devops/getgithub/getgithub.go:1012.17,1014.4 1 0
github.com/colussim/GoLC/pkg/devops/getgithub/getgithub.go:1015.3,1017.39 2 0
github.com/colussim/GoLC/pkg/devops/getgithub/getgithub.go:1017.39,1019.4 1 0
github.com/colussim/GoLC/pkg/devops/getgithub/getgithub.go:1021.3,1023.17 3 0
github.com/colussim/GoLC/pkg/devops/getgithub/getgithub.go:1023.17,1025.4 1 0
github.com/colussim/GoLC/pkg/devops/getgithub/getgithub.go:1026.3,1029.24 3 0
github.com/colussim/GoLC/pkg/devops/getgithub/getgithub.go:1029.24,1030.9 1 0
github.com/colussim/GoLC/pkg/devops/getgithub/getgithub.go:1032.3,1032.20 1 0
github.com/colussim/GoLC/pkg/devops/getgithub/getgithub.go:1035.2,1035.22 1 0
github.com/colussim/GoLC/pkg/devops/getgithub/getgithub.go:1039.45,1041.22 2 0
github.com/colussim/GoLC/pkg/devops/getgithub/getgithub.go:1041.22,1043.3 1 0
github.com/colussim/GoLC/pkg/devops/getgithub/getgithub.go:1045.2,1046.29 2 0
github.com/colussim/GoLC/pkg/devops/getgithub/getgithub.go:1046.29,1048.66 2 0
github.com/colussim/GoLC/pkg/devops/getgithub/getgithub.go:1048.66,1050.4 1 0
github.com/colussim/GoLC/pkg/devops/getgithub/getgithub.go:1053.2,1053.11 1 0
github.com/colussim/GoLC/pkg/devops/getgitlab/getgitlab.go:61.66,66.16 3 0
github.com/colussim/GoLC/pkg/devops/getgitlab/getgitlab.go:66.16,68.3 1 0
github.com/colussim/GoLC/pkg/devops/getgitlab/getgitlab.go:69.2,72.21 3 0
github.com/colussim/GoLC/pkg/devops/getgitlab/getgitlab.go:72.21,74.21 2 0
github.com/colussim/GoLC/pkg/devops/getgitlab/getgitlab.go:74.21,77.4 1 0
github.com/colussim/GoLC/pkg/devops/getgitlab/getgitlab.go:80.2,80.38 1 0
github.com/colussim/GoLC/pkg/devops/getgitlab/getgitlab.go:80.38,82.3 1 0
github.com/colussim/GoLC/pkg/devops/getgitlab/getgitlab.go:84.2,84.23 1 0
[...]
github.com/colussim/GoLC/pkg/devops/getgitlab/getgitlab.go:667.5,672.63 5 0
github.com/colussim/GoLC/pkg/devops/getgitlab/getgitlab.go:672.63,674.14 2 0
github.com/colussim/GoLC/pkg/devops/getgitlab/getgitlab.go:677.5,690.20 6 0
github.com/colussim/GoLC/pkg/devops/getgitlab/getgitlab.go:696.2,700.41 4 0
github.com/colussim/GoLC/pkg/devops/getgitlab/getgitlab.go:700.41,701.43 1 0
github.com/colussim/GoLC/pkg/devops/getgitlab/getgitlab.go:701.43,705.4 3 0
github.com/colussim/GoLC/pkg/devops/getgitlab/getgitlab.go:706.3,706.34 1 0
github.com/colussim/GoLC/pkg/devops/getgitlab/getgitlab.go:709.2,713.16 4 0
github.com/colussim/GoLC/pkg/devops/getgitlab/getgitlab.go:713.16,717.3 2 0
github.com/colussim/GoLC/pkg/devops/getgitlab/getgitlab.go:719.2,723.29 4 0
github.com/colussim/GoLC/pkg/devops/getgitlab/getgitlab.go:726.151,731.16 3 0
github.com/colussim/GoLC/pkg/devops/getgitlab/getgitlab.go:731.16,734.3 2 0
github.com/colussim/GoLC/pkg/devops/getgitlab/getgitlab.go:736.2,742.34 5 0
github.com/colussim/GoLC/pkg/devops/getgitlab/getgitlab1.go:27.102,38.16 7 0
github.com/colussim/GoLC/pkg/devops/getgitlab/getgitlab1.go:38.16,41.3 2 0
github.com/colussim/GoLC/pkg/devops/getgitlab/getgitlab1.go:43.2,48.16 4 0
github.com/colussim/GoLC/pkg/devops/getgitlab/getgitlab1.go:48.16,51.3 2 0
github.com/colussim/GoLC/pkg/devops/getgitlab/getgitlab1.go:53.2,55.22 3 0
github.com/colussim/GoLC/pkg/devops/getgitlab/getgitlab1.go:55.22,57.30 2 0
github.com/colussim/GoLC/pkg/devops/getgitlab/getgitlab1.go:57.30,59.70 2 0
github.com/colussim/GoLC/pkg/devops/getgitlab/getgitlab1.go:59.70,61.5 1 0
github.com/colussim/GoLC/pkg/devops/getgitlab/getgitlab1.go:65.2,65.32 1 0
github.com/colussim/GoLC/pkg/devops/getgitlab/getgitlab1.go:69.80,76.6 5 0
github.com/colussim/GoLC/pkg/devops/getgitlab/getgitlab1.go:76.6,78.17 2 0
github.com/colussim/GoLC/pkg/devops/getgitlab/getgitlab1.go:78.17,80.4 1 0
github.com/colussim/GoLC/pkg/devops/getgitlab/getgitlab1.go:81.3,82.24 2 0
github.com/colussim/GoLC/pkg/devops/getgitlab/getgitlab1.go:82.24,83.9 1 0
github.com/colussim/GoLC/pkg/devops/getgitlab/getgitlab1.go:85.3,85.9 1 0
github.com/colussim/GoLC/pkg/devops/getgitlab/getgitlab1.go:88.2,88.26 1 0
github.com/colussim/GoLC/pkg/devops/getgitlab/getgitlab1.go:91.100,102.16 8 0
github.com/colussim/GoLC/pkg/devops/getgitlab/getgitlab1.go:102.16,104.3 1 0
github.com/colussim/GoLC/pkg/devops/getgitlab/getgitlab1.go:105.2,112.16 5 0
github.com/colussim/GoLC/pkg/devops/getgitlab/getgitlab1.go:112.16,116.3 2 0
github.com/colussim/GoLC/pkg/devops/getgitlab/getgitlab1.go:119.2,120.16 2 0
github.com/colussim/GoLC/pkg/devops/getgitlab/getgitlab1.go:120.16,122.3 1 0
github.com/colussim/GoLC/pkg/devops/getgitlab/getgitlab1.go:124.2,124.22 1 0
github.com/colussim/GoLC/pkg/getter/getter.go:16.43,19.2 2 0
github.com/colussim/GoLC/pkg/getter/getter.go:21.41,32.16 9 0
github.com/colussim/GoLC/pkg/getter/getter.go:32.16,34.3 1 0
github.com/colussim/GoLC/pkg/getter/getter.go:36.2,38.16 3 0
github.com/colussim/GoLC/pkg/getter/getter.go:38.16,40.3 1 0
github.com/colussim/GoLC/pkg/getter/getter.go:42.2,50.37 2 0
github.com/colussim/GoLC/pkg/getter/getter.go:50.37,52.3 1 0
github.com/colussim/GoLC/pkg/getter/getter.go:54.2,55.16 2 0
github.com/colussim/GoLC/pkg/getter/getter.go:55.16,57.3 1 0
github.com/colussim/GoLC/pkg/getter/getter.go:59.2,59.13 1 0
github.com/colussim/GoLC/pkg/getter/getter.go:59.13,61.17 2 0
github.com/colussim/GoLC/pkg/getter/getter.go:61.17,63.4 1 0
github.com/colussim/GoLC/pkg/getter/getter.go:65.3,65.21 1 0
github.com/colussim/GoLC/pkg/getter/getter.go:68.2,68.17 1 0
github.com/colussim/GoLC/pkg/getter/getter.go:71.47,77.2 1 0
github.com/colussim/GoLC/pkg/getter/getter.go:79.37,82.16 3 0
github.com/colussim/GoLC/pkg/getter/getter.go:82.16,84.3 1 0
github.com/colussim/GoLC/pkg/getter/getter.go:86.2,86.43 1 0
github.com/colussim/GoLC/pkg/getter/getter.go:89.43,91.16 2 0
github.com/colussim/GoLC/pkg/getter/getter.go:91.16,93.3 1 0
github.com/colussim/GoLC/pkg/getter/getter.go:95.2,95.45 1 0
github.com/colussim/GoLC/pkg/filesystem/filesystem.go:7.81,10.40 2 0
github.com/colussim/GoLC/pkg/filesystem/filesystem.go:10.40,12.17 2 0
github.com/colussim/GoLC/pkg/filesystem/filesystem.go:12.17,14.4 1 0
github.com/colussim/GoLC/pkg/filesystem/filesystem.go:15.3,15.48 1 0
github.com/colussim/GoLC/pkg/filesystem/filesystem.go:18.2,18.25 1 0
github.com/colussim/GoLC/pkg/gogit/gogit.go:18.58,21.16 2 0
github.com/colussim/GoLC/pkg/gogit/gogit.go:21.16,23.3 1 0
github.com/colussim/GoLC/pkg/gogit/gogit.go:25.2,27.16 2 0
github.com/colussim/GoLC/pkg/gogit/gogit.go:27.16,29.3 1 0
github.com/colussim/GoLC/pkg/gogit/gogit.go:30.2,46.16 4 0
github.com/colussim/GoLC/pkg/gogit/gogit.go:46.16,48.3 1 0
github.com/colussim/GoLC/pkg/gogit/gogit.go:50.2,51.16 2 0
github.com/colussim/GoLC/pkg/gogit/gogit.go:51.16,53.3 1 0
github.com/colussim/GoLC/pkg/gogit/gogit.go:55.2,55.13 1 0
github.com/colussim/GoLC/pkg/gogit/gogit.go:55.13,57.17 2 0
github.com/colussim/GoLC/pkg/gogit/gogit.go:57.17,59.4 1 0
github.com/colussim/GoLC/pkg/gogit/gogit.go:61.3,61.21 1 0
github.com/colussim/GoLC/pkg/gogit/gogit.go:64.2,64.17 1 0
github.com/colussim/GoLC/pkg/gogit/gogit.go:67.37,70.16 3 0
github.com/colussim/GoLC/pkg/gogit/gogit.go:70.16,72.3 1 0
github.com/colussim/GoLC/pkg/gogit/gogit.go:74.2,74.43 1 0
github.com/colussim/GoLC/pkg/gogit/gogit.go:77.43,79.16 2 0
github.com/colussim/GoLC/pkg/gogit/gogit.go:79.16,81.3 1 0
github.com/colussim/GoLC/pkg/gogit/gogit.go:83.2,83.45 1 0
github.com/colussim/GoLC/pkg/reporter/json/json_reporter.go:44.85,54.36 2 0
github.com/colussim/GoLC/pkg/reporter/json/json_reporter.go:54.36,63.3 1 0
github.com/colussim/GoLC/pkg/reporter/json/json_reporter.go:65.2,65.32 1 0
github.com/colussim/GoLC/pkg/reporter/json/json_reporter.go:68.81,77.36 2 0
github.com/colussim/GoLC/pkg/reporter/json/json_reporter.go:77.36,85.3 1 0
github.com/colussim/GoLC/pkg/reporter/json/json_reporter.go:87.2,87.32 1 0
github.com/colussim/GoLC/pkg/reporter/json/json_reporter.go:90.59,92.16 2 0
github.com/colussim/GoLC/pkg/reporter/json/json_reporter.go:92.16,94.3 1 0
github.com/colussim/GoLC/pkg/reporter/json/json_reporter.go:96.2,97.45 2 0
github.com/colussim/GoLC/pkg/reporter/json/json_reporter.go:97.45,99.3 1 0
github.com/colussim/GoLC/pkg/reporter/json/json_reporter.go:101.2,102.55 2 0
github.com/colussim/GoLC/pkg/reporter/json/json_reporter.go:102.55,104.3 1 0
github.com/colussim/GoLC/pkg/reporter/json/json_reporter.go:106.2,108.12 2 0
github.com/colussim/GoLC/pkg/goloc/goloc.go:49.76,53.29 3 0
github.com/colussim/GoLC/pkg/goloc/goloc.go:53.29,55.17 2 0
github.com/colussim/GoLC/pkg/goloc/goloc.go:55.17,58.4 1 0
github.com/colussim/GoLC/pkg/goloc/goloc.go:59.8,61.17 2 0
github.com/colussim/GoLC/pkg/goloc/goloc.go:61.17,63.4 1 0
github.com/colussim/GoLC/pkg/goloc/goloc.go:64.3,65.27 2 0
github.com/colussim/GoLC/pkg/goloc/goloc.go:65.27,68.4 2 0
github.com/colussim/GoLC/pkg/goloc/goloc.go:68.9,71.4 1 0
github.com/colussim/GoLC/pkg/goloc/goloc.go:73.2,74.16 2 0
github.com/colussim/GoLC/pkg/goloc/goloc.go:74.16,76.3 1 0
github.com/colussim/GoLC/pkg/goloc/goloc.go:78.2,99.8 5 0
github.com/colussim/GoLC/pkg/goloc/goloc.go:102.30,104.16 2 0
github.com/colussim/GoLC/pkg/goloc/goloc.go:104.16,106.3 1 0
github.com/colussim/GoLC/pkg/goloc/goloc.go:108.2,109.16 2 0
github.com/colussim/GoLC/pkg/goloc/goloc.go:109.16,111.3 1 0
github.com/colussim/GoLC/pkg/goloc/goloc.go:113.2,117.42 3 0
github.com/colussim/GoLC/pkg/goloc/goloc.go:120.64,124.2 3 0
github.com/colussim/GoLC/pkg/goloc/goloc.go:126.78,129.24 2 0
github.com/colussim/GoLC/pkg/goloc/goloc.go:129.24,131.3 1 0
github.com/colussim/GoLC/pkg/goloc/goloc.go:133.2,133.24 1 0
github.com/colussim/GoLC/pkg/goloc/goloc.go:133.24,135.3 1 0
github.com/colussim/GoLC/pkg/goloc/goloc.go:137.2,137.24 1 0
github.com/colussim/GoLC/pkg/goloc/goloc.go:137.24,139.3 1 0
github.com/colussim/GoLC/pkg/goloc/goloc.go:141.2,141.27 1 0
github.com/colussim/GoLC/pkg/goloc/goloc.go:141.27,143.3 1 0
github.com/colussim/GoLC/pkg/goloc/goloc.go:145.2,145.25 1 0
github.com/colussim/GoLC/pkg/goloc/goloc.go:145.25,147.3 1 0
github.com/colussim/GoLC/pkg/goloc/goloc.go:149.2,149.24 1 0
github.com/colussim/GoLC/pkg/goloc/goloc.go:149.24,150.66 1 0
github.com/colussim/GoLC/pkg/goloc/goloc.go:150.66,152.4 1 0
github.com/colussim/GoLC/pkg/goloc/goloc.go:155.2,155.44 1 0
github.com/colussim/GoLC/pkg/goloc/goloc.go:158.77,159.22 1 0
github.com/colussim/GoLC/pkg/goloc/goloc.go:159.22,160.41 1 0
github.com/colussim/GoLC/pkg/goloc/goloc.go:160.41,161.71 1 0
github.com/colussim/GoLC/pkg/goloc/goloc.go:161.71,163.5 1 0
github.com/colussim/GoLC/pkg/goloc/goloc.go:165.3,165.13 1 0
github.com/colussim/GoLC/pkg/goloc/goloc.go:168.2,168.40 1 0
github.com/colussim/GoLC/pkg/goloc/goloc.go:168.40,169.74 1 0
github.com/colussim/GoLC/pkg/goloc/goloc.go:169.74,171.4 1 0
github.com/colussim/GoLC/pkg/goloc/goloc.go:174.2,174.12 1 0
github.com/colussim/GoLC/pkg/goloc/goloc.go:177.71,180.48 2 0
github.com/colussim/GoLC/pkg/goloc/goloc.go:180.48,181.53 1 0
github.com/colussim/GoLC/pkg/goloc/goloc.go:181.53,183.4 1 0
github.com/colussim/GoLC/pkg/goloc/goloc.go:186.2,186.19 1 0
github.com/colussim/GoLC/pkg/goloc/goloc.go:189.57,190.12 1 0
github.com/colussim/GoLC/pkg/goloc/goloc.go:190.12,192.3 1 0
github.com/colussim/GoLC/pkg/goloc/goloc.go:194.2,194.40 1 0
github.com/colussim/GoLC/pkg/goloc/goloc.go:197.94,200.39 2 0
github.com/colussim/GoLC/pkg/goloc/goloc.go:200.39,201.17 1 0
github.com/colussim/GoLC/pkg/goloc/goloc.go:202.17,203.58 1 0
github.com/colussim/GoLC/pkg/goloc/goloc.go:204.15,208.6 1 0
github.com/colussim/GoLC/pkg/goloc/goloc.go:209.11,210.58 1 0
github.com/colussim/GoLC/pkg/goloc/goloc.go:214.2,214.18 1 0
github.com/colussim/GoLC/pkg/scanner/scanner.go:25.56,29.2 1 0
github.com/colussim/GoLC/pkg/scanner/scanner.go:31.78,35.29 3 0
github.com/colussim/GoLC/pkg/scanner/scanner.go:35.29,37.17 2 0
github.com/colussim/GoLC/pkg/scanner/scanner.go:37.17,39.4 1 0
github.com/colussim/GoLC/pkg/scanner/scanner.go:40.3,41.36 2 0
github.com/colussim/GoLC/pkg/scanner/scanner.go:44.2,44.21 1 0
github.com/colussim/GoLC/pkg/scanner/scanner.go:47.72,62.2 1 0
github.com/colussim/GoLC/pkg/scanner/scanner.go:64.77,70.16 5 0
github.com/colussim/GoLC/pkg/scanner/scanner.go:70.16,72.3 1 0
github.com/colussim/GoLC/pkg/scanner/scanner.go:73.2,78.25 5 0
github.com/colussim/GoLC/pkg/scanner/scanner.go:78.25,81.23 2 0
github.com/colussim/GoLC/pkg/scanner/scanner.go:81.23,83.66 2 0
github.com/colussim/GoLC/pkg/scanner/scanner.go:83.66,85.5 1 0
github.com/colussim/GoLC/pkg/scanner/scanner.go:86.4,86.12 1 0
github.com/colussim/GoLC/pkg/scanner/scanner.go:89.3,89.27 1 0
github.com/colussim/GoLC/pkg/scanner/scanner.go:89.27,91.12 2 0
github.com/colussim/GoLC/pkg/scanner/scanner.go:94.3,94.76 1 0
github.com/colussim/GoLC/pkg/scanner/scanner.go:94.76,98.66 4 0
github.com/colussim/GoLC/pkg/scanner/scanner.go:98.66,100.5 1 0
github.com/colussim/GoLC/pkg/scanner/scanner.go:101.4,101.12 1 0
github.com/colussim/GoLC/pkg/scanner/scanner.go:104.3,104.42 1 0
github.com/colussim/GoLC/pkg/scanner/scanner.go:104.42,106.12 2 0
github.com/colussim/GoLC/pkg/scanner/scanner.go:109.3,109.21 1 0
github.com/colussim/GoLC/pkg/scanner/scanner.go:112.2,114.34 2 0
github.com/colussim/GoLC/pkg/scanner/scanner.go:117.101,120.53 2 0
github.com/colussim/GoLC/pkg/scanner/scanner.go:120.53,122.49 2 0
github.com/colussim/GoLC/pkg/scanner/scanner.go:122.49,124.4 1 0
github.com/colussim/GoLC/pkg/scanner/scanner.go:127.2,127.18 1 0
github.com/colussim/GoLC/pkg/scanner/scanner.go:130.78,132.2 1 0
github.com/colussim/GoLC/pkg/scanner/scanner.go:134.87,137.43 2 0
github.com/colussim/GoLC/pkg/scanner/scanner.go:137.43,138.43 1 0
github.com/colussim/GoLC/pkg/scanner/scanner.go:138.43,140.4 1 0
github.com/colussim/GoLC/pkg/scanner/scanner.go:143.2,143.14 1 0
github.com/colussim/GoLC/pkg/scanner/scanner.go:146.50,148.2 1 0
github.com/colussim/GoLC/pkg/scanner/summary.go:29.59,36.33 2 0
github.com/colussim/GoLC/pkg/scanner/summary.go:36.33,38.51 2 0
github.com/colussim/GoLC/pkg/scanner/summary.go:38.51,43.4 4 0
github.com/colussim/GoLC/pkg/scanner/summary.go:43.9,50.4 1 0
github.com/colussim/GoLC/pkg/scanner/summary.go:52.3,63.43 6 0
github.com/colussim/GoLC/pkg/scanner/summary.go:66.2,66.16 1 0
github.com/colussim/GoLC/pkg/reporter/prompt/prompt_reporter.go:14.87,27.39 5 0
github.com/colussim/GoLC/pkg/reporter/prompt/prompt_reporter.go:27.39,36.3 1 0
github.com/colussim/GoLC/pkg/reporter/prompt/prompt_reporter.go:38.2,49.12 3 0
github.com/colussim/GoLC/pkg/reporter/prompt/prompt_reporter.go:52.83,64.39 5 0
github.com/colussim/GoLC/pkg/reporter/prompt/prompt_reporter.go:64.39,72.3 1 0
github.com/colussim/GoLC/pkg/reporter/prompt/prompt_reporter.go:74.2,84.12 3 0
github.com/colussim/GoLC/pkg/sorter/file_sorter.go:14.49,20.2 1 0
github.com/colussim/GoLC/pkg/sorter/file_sorter.go:22.78,34.2 3 0
github.com/colussim/GoLC/pkg/sorter/file_sorter.go:36.79,48.2 3 0
github.com/colussim/GoLC/pkg/sorter/file_sorter.go:50.75,62.2 3 0
github.com/colussim/GoLC/pkg/sorter/file_sorter.go:64.78,76.2 3 0
github.com/colussim/GoLC/pkg/sorter/file_sorter.go:78.80,90.2 3 0
github.com/colussim/GoLC/pkg/sorter/file_sorter.go:92.67,95.39 2 0
github.com/colussim/GoLC/pkg/sorter/file_sorter.go:95.39,103.3 1 0
github.com/colussim/GoLC/pkg/sorter/file_sorter.go:105.2,105.16 1 0
github.com/colussim/GoLC/pkg/sorter/file_sorter.go:108.54,109.26 1 0
github.com/colussim/GoLC/pkg/sorter/file_sorter.go:109.26,110.43 1 0
github.com/colussim/GoLC/pkg/sorter/file_sorter.go:110.43,114.4 3 0
github.com/colussim/GoLC/pkg/sorter/file_sorter.go:115.8,115.34 1 0
github.com/colussim/GoLC/pkg/sorter/file_sorter.go:115.34,116.43 1 0
github.com/colussim/GoLC/pkg/sorter/file_sorter.go:116.43,120.4 3 0
github.com/colussim/GoLC/pkg/sorter/language_sorter.go:14.57,20.2 1 0
github.com/colussim/GoLC/pkg/sorter/language_sorter.go:22.82,26.43 3 0
github.com/colussim/GoLC/pkg/sorter/language_sorter.go:26.43,35.3 2 0
github.com/colussim/GoLC/pkg/sorter/language_sorter.go:37.2,45.3 1 0
github.com/colussim/GoLC/pkg/sorter/language_sorter.go:48.83,62.2 3 0
github.com/colussim/GoLC/pkg/sorter/language_sorter.go:64.79,78.2 3 0
github.com/colussim/GoLC/pkg/sorter/language_sorter.go:80.82,94.2 3 0
github.com/colussim/GoLC/pkg/sorter/language_sorter.go:96.84,110.2 3 0
github.com/colussim/GoLC/pkg/sorter/language_sorter.go:112.79,115.26 2 0
github.com/colussim/GoLC/pkg/sorter/language_sorter.go:115.26,116.43 1 0
github.com/colussim/GoLC/pkg/sorter/language_sorter.go:116.43,120.4 3 0
github.com/colussim/GoLC/pkg/sorter/language_sorter.go:121.8,121.34 1 0
github.com/colussim/GoLC/pkg/sorter/language_sorter.go:121.34,122.43 1 0
github.com/colussim/GoLC/pkg/sorter/language_sorter.go:122.43,126.4 3 0
github.com/colussim/GoLC/pkg/sorter/language_sorter.go:129.2,137.3 1 0
github.com/colussim/GoLC/pkg/sorter/language_sorter.go:140.74,143.42 2 0
github.com/colussim/GoLC/pkg/sorter/language_sorter.go:143.42,145.3 1 0
github.com/colussim/GoLC/pkg/sorter/language_sorter.go:147.2,147.26 1 0
github.com/colussim/GoLC/pkg/sorter/language_sorter.go:147.26,149.3 1 0
github.com/colussim/GoLC/pkg/sorter/language_sorter.go:149.8,149.34 1 0
github.com/colussim/GoLC/pkg/sorter/language_sorter.go:149.34,151.3 1 0
github.com/colussim/GoLC/pkg/sorter/language_sorter.go:153.2,153.18 1 0
github.com/colussim/GoLC/pkg/sorter/language_sorter.go:156.71,159.50 2 0
github.com/colussim/GoLC/pkg/sorter/language_sorter.go:159.50,167.3 1 0
github.com/colussim/GoLC/pkg/sorter/language_sorter.go:169.2,169.16 1 0
github.com/colussim/GoLC/pkg/sorter/sorter.go:39.55,40.26 1 0
github.com/colussim/GoLC/pkg/sorter/sorter.go:40.26,41.43 1 0
github.com/colussim/GoLC/pkg/sorter/sorter.go:41.43,45.4 3 0
github.com/colussim/GoLC/pkg/sorter/sorter.go:46.8,46.34 1 0
github.com/colussim/GoLC/pkg/sorter/sorter.go:46.34,47.43 1 0
github.com/colussim/GoLC/pkg/sorter/sorter.go:47.43,51.4 3 0
github.com/colussim/GoLC/pkg/sorter/sorter.go:55.51,56.26 1 0
github.com/colussim/GoLC/pkg/sorter/sorter.go:56.26,57.43 1 0
github.com/colussim/GoLC/pkg/sorter/sorter.go:57.43,61.4 3 0
github.com/colussim/GoLC/pkg/sorter/sorter.go:62.8,62.34 1 0
github.com/colussim/GoLC/pkg/sorter/sorter.go:62.34,63.43 1 0
github.com/colussim/GoLC/pkg/sorter/sorter.go:63.43,67.4 3 0
github.com/colussim/GoLC/pkg/sorter/sorter.go:71.54,72.26 1 0
github.com/colussim/GoLC/pkg/sorter/sorter.go:72.26,73.43 1 0
github.com/colussim/GoLC/pkg/sorter/sorter.go:73.43,77.4 3 0
github.com/colussim/GoLC/pkg/sorter/sorter.go:78.8,78.34 1 0
github.com/colussim/GoLC/pkg/sorter/sorter.go:78.34,79.43 1 0
github.com/colussim/GoLC/pkg/sorter/sorter.go:79.43,83.4 3 0
github.com/colussim/GoLC/pkg/sorter/sorter.go:87.56,88.26 1 0
github.com/colussim/GoLC/pkg/sorter/sorter.go:88.26,89.43 1 0
github.com/colussim/GoLC/pkg/sorter/sorter.go:89.43,93.4 3 0
github.com/colussim/GoLC/pkg/sorter/sorter.go:94.8,94.34 1 0
github.com/colussim/GoLC/pkg/sorter/sorter.go:94.34,95.43 1 0
github.com/colussim/GoLC/pkg/sorter/sorter.go:95.43,99.4 3 0
github.com/colussim/GoLC/pkg/utils/annalyse.go:14.65,16.16 2 0
github.com/colussim/GoLC/pkg/utils/annalyse.go:16.16,18.3 1 0
github.com/colussim/GoLC/pkg/utils/annalyse.go:19.2,27.21 4 0
github.com/colussim/GoLC/pkg/utils/annalyse.go:27.21,30.22 3 0
github.com/colussim/GoLC/pkg/utils/annalyse.go:30.22,33.4 1 0
github.com/colussim/GoLC/pkg/utils/annalyse.go:33.9,33.29 1 0
github.com/colussim/GoLC/pkg/utils/annalyse.go:33.29,36.4 1 0
github.com/colussim/GoLC/pkg/utils/annalyse.go:39.2,39.38 1 0
github.com/colussim/GoLC/pkg/utils/annalyse.go:39.38,41.3 1 0
github.com/colussim/GoLC/pkg/utils/annalyse.go:43.2,43.27 1 0
github.com/colussim/GoLC/pkg/utils/convert_to_map.go:3.49,6.24 2 0
github.com/colussim/GoLC/pkg/utils/convert_to_map.go:6.24,8.3 1 0
github.com/colussim/GoLC/pkg/utils/convert_to_map.go:10.2,10.11 1 0
github.com/colussim/GoLC/pkg/utils/display_format.go:5.36,13.9 2 0
github.com/colussim/GoLC/pkg/utils/display_format.go:14.23,15.35 1 0
github.com/colussim/GoLC/pkg/utils/display_format.go:16.23,17.56 1 0
github.com/colussim/GoLC/pkg/utils/display_format.go:18.23,19.56 1 0
github.com/colussim/GoLC/pkg/utils/display_format.go:20.10,21.56 1 0
github.com/colussim/GoLC/pkg/utils/display_format.go:25.47,26.25 1 0
github.com/colussim/GoLC/pkg/utils/display_format.go:26.25,28.3 1 0
github.com/colussim/GoLC/pkg/utils/display_format.go:28.8,28.29 1 0
github.com/colussim/GoLC/pkg/utils/display_format.go:28.29,30.3 1 0
github.com/colussim/GoLC/pkg/utils/display_format.go:30.8,32.3 1 0
github.com/colussim/GoLC/pkg/utils/filetest.go:10.44,13.2 2 0
github.com/colussim/GoLC/pkg/utils/filetest.go:15.54,17.16 2 0
github.com/colussim/GoLC/pkg/utils/filetest.go:17.16,19.3 1 0
github.com/colussim/GoLC/pkg/utils/filetest.go:21.2,21.34 1 0
github.com/colussim/GoLC/pkg/utils/filetest.go:24.76,26.16 2 0
github.com/colussim/GoLC/pkg/utils/filetest.go:26.16,28.3 1 0
github.com/colussim/GoLC/pkg/utils/filetest.go:29.2,33.21 3 0
github.com/colussim/GoLC/pkg/utils/filetest.go:33.21,35.37 2 0
github.com/colussim/GoLC/pkg/utils/filetest.go:35.37,37.4 1 0
github.com/colussim/GoLC/pkg/utils/filetest.go:40.2,40.38 1 0
github.com/colussim/GoLC/pkg/utils/filetest.go:40.38,42.3 1 0
github.com/colussim/GoLC/pkg/utils/filetest.go:44.2,44.19 1 0
github.com/colussim/GoLC/pkg/utils/filetest.go:47.77,49.31 1 0
github.com/colussim/GoLC/pkg/utils/filetest.go:49.31,51.17 2 0
github.com/colussim/GoLC/pkg/utils/filetest.go:51.17,54.4 2 0
github.com/colussim/GoLC/pkg/utils/filetest.go:56.3,56.14 1 0
github.com/colussim/GoLC/pkg/utils/filetest.go:56.14,59.4 1 0
github.com/colussim/GoLC/pkg/utils/filetest.go:59.9,62.18 2 0
github.com/colussim/GoLC/pkg/utils/filetest.go:62.18,65.5 2 0
github.com/colussim/GoLC/pkg/utils/filetest.go:67.4,67.13 1 0
github.com/colussim/GoLC/pkg/utils/filetest.go:67.13,70.5 1 0
github.com/colussim/GoLC/pkg/utils/filetest.go:70.10,72.5 1 0
github.com/colussim/GoLC/pkg/utils/filetest.go:74.8,77.3 1 0
